TN:
SF:src\app.js
FN:123,(anonymous_0)
FN:126,(anonymous_1)
FN:128,(anonymous_2)
FNF:3
FNH:0
FNDA:0,(anonymous_0)
FNDA:0,(anonymous_1)
FNDA:0,(anonymous_2)
DA:43,0
DA:45,0
DA:46,0
DA:49,0
DA:56,0
DA:57,0
DA:60,0
DA:61,0
DA:62,0
DA:63,0
DA:65,0
DA:75,0
DA:86,0
DA:87,0
DA:90,0
DA:91,0
DA:92,0
DA:93,0
DA:94,0
DA:96,0
DA:97,0
DA:98,0
DA:99,0
DA:100,0
DA:101,0
DA:102,0
DA:103,0
DA:104,0
DA:105,0
DA:106,0
DA:107,0
DA:108,0
DA:109,0
DA:110,0
DA:111,0
DA:112,0
DA:113,0
DA:114,0
DA:115,0
DA:116,0
DA:117,0
DA:118,0
DA:119,0
DA:120,0
DA:121,0
DA:122,0
DA:123,0
DA:126,0
DA:128,0
DA:129,0
DA:130,0
DA:131,0
DA:133,0
LF:53
LH:0
BRDA:86,0,0,0
BRDA:86,0,1,0
BRDA:130,1,0,0
BRDA:130,1,1,0
BRDA:135,2,0,0
BRDA:135,2,1,0
BRF:6
BRH:0
end_of_record
TN:
SF:src\cronTest.js
FN:7,(anonymous_0)
FN:10,(anonymous_1)
FNF:2
FNH:0
FNDA:0,(anonymous_0)
FNDA:0,(anonymous_1)
DA:4,0
DA:5,0
DA:6,0
DA:7,0
DA:8,0
DA:10,0
DA:11,0
DA:14,0
DA:15,0
DA:16,0
DA:17,0
DA:19,0
LF:12
LH:0
BRDA:4,0,0,0
BRDA:4,0,1,0
BRF:2
BRH:0
end_of_record
TN:
SF:src\server.js
FN:3,main
FN:37,(anonymous_1)
FN:43,(anonymous_2)
FNF:3
FNH:0
FNDA:0,main
FNDA:0,(anonymous_1)
FNDA:0,(anonymous_2)
DA:4,0
DA:5,0
DA:6,0
DA:7,0
DA:9,0
DA:11,0
DA:13,0
DA:15,0
DA:16,0
DA:17,0
DA:18,0
DA:22,0
DA:24,0
DA:25,0
DA:26,0
DA:28,0
DA:33,0
DA:34,0
DA:35,0
DA:36,0
DA:37,0
DA:38,0
DA:39,0
DA:43,0
DA:44,0
DA:45,0
LF:26
LH:0
BRDA:15,0,0,0
BRDA:15,0,1,0
BRDA:20,1,0,0
BRDA:20,1,1,0
BRF:4
BRH:0
end_of_record
TN:
SF:src\config\accounting.config.js
FNF:0
FNH:0
DA:1,0
LF:1
LH:0
BRF:0
BRH:0
end_of_record
TN:
SF:src\config\cloudinary.js
FNF:0
FNH:0
DA:4,1
DA:6,1
LF:2
LH:2
BRF:0
BRH:0
end_of_record
TN:
SF:src\config\db.js
FN:3,(anonymous_0)
FNF:1
FNH:0
FNDA:0,(anonymous_0)
DA:3,0
DA:4,0
DA:5,0
DA:6,0
DA:7,0
DA:12,0
DA:13,0
DA:15,0
DA:16,0
LF:9
LH:0
BRDA:5,0,0,0
BRDA:5,0,1,0
BRDA:6,1,0,0
BRDA:6,1,1,0
BRDA:6,2,0,0
BRDA:6,2,1,0
BRF:6
BRH:0
end_of_record
TN:
SF:src\config\loadEnv.js
FNF:0
FNH:0
DA:6,0
DA:7,0
DA:8,0
DA:10,0
LF:4
LH:0
BRF:0
BRH:0
end_of_record
TN:
SF:src\config\nodemailer.js
FN:22,(anonymous_0)
FN:32,(anonymous_1)
FN:38,(anonymous_2)
FN:179,(anonymous_3)
FN:190,(anonymous_4)
FN:191,(anonymous_5)
FN:200,(anonymous_6)
FN:223,(anonymous_7)
FN:239,sendPaymentReceiptEmail
FNF:9
FNH:0
FNDA:0,(anonymous_0)
FNDA:0,(anonymous_1)
FNDA:0,(anonymous_2)
FNDA:0,(anonymous_3)
FNDA:0,(anonymous_4)
FNDA:0,(anonymous_5)
FNDA:0,(anonymous_6)
FNDA:0,(anonymous_7)
FNDA:0,sendPaymentReceiptEmail
DA:4,1
DA:6,1
DA:22,1
DA:23,0
DA:24,0
DA:26,0
DA:31,1
DA:32,0
DA:50,0
DA:57,0
DA:65,0
DA:179,1
DA:180,0
DA:182,0
DA:190,0
DA:191,0
DA:192,0
DA:196,0
DA:200,1
DA:201,0
DA:202,0
DA:203,0
DA:204,0
DA:223,1
DA:224,0
DA:225,0
DA:227,0
DA:228,0
DA:229,0
DA:232,0
DA:252,0
DA:351,0
LF:32
LH:7
BRDA:23,0,0,0
BRDA:23,0,1,0
BRDA:34,1,0,0
BRDA:34,1,1,0
BRDA:50,2,0,0
BRDA:50,2,1,0
BRDA:57,3,0,0
BRDA:57,3,1,0
BRDA:117,4,0,0
BRDA:117,4,1,0
BRDA:138,5,0,0
BRDA:138,5,1,0
BRDA:147,6,0,0
BRDA:147,6,1,0
BRDA:180,7,0,0
BRDA:180,7,1,0
BRDA:187,8,0,0
BRDA:187,8,1,0
BRDA:202,9,0,0
BRDA:202,9,1,0
BRDA:225,10,0,0
BRDA:225,10,1,0
BRDA:249,11,0,0
BRDA:250,12,0,0
BRDA:289,13,0,0
BRDA:289,13,1,0
BRDA:289,14,0,0
BRDA:289,14,1,0
BRDA:299,15,0,0
BRDA:299,15,1,0
BRDA:299,16,0,0
BRDA:299,16,1,0
BRF:32
BRH:0
end_of_record
TN:
SF:src\config\socket.js
FN:5,(anonymous_0)
FN:18,(anonymous_1)
FN:21,(anonymous_2)
FN:28,(anonymous_3)
FN:40,(anonymous_4)
FN:50,(anonymous_5)
FNF:6
FNH:0
FNDA:0,(anonymous_0)
FNDA:0,(anonymous_1)
FNDA:0,(anonymous_2)
FNDA:0,(anonymous_3)
FNDA:0,(anonymous_4)
FNDA:0,(anonymous_5)
DA:3,1
DA:5,1
DA:6,0
DA:8,0
DA:18,0
DA:19,0
DA:21,0
DA:22,0
DA:23,0
DA:24,0
DA:25,0
DA:28,0
DA:29,0
DA:35,0
DA:40,1
DA:41,0
DA:42,0
DA:45,0
DA:47,0
DA:50,1
DA:51,0
DA:52,0
DA:55,0
LF:23
LH:4
BRDA:6,0,0,0
BRDA:6,0,1,0
BRDA:10,1,0,0
BRDA:10,1,1,0
BRDA:22,2,0,0
BRDA:22,2,1,0
BRDA:41,3,0,0
BRDA:41,3,1,0
BRDA:51,4,0,0
BRDA:51,4,1,0
BRF:10
BRH:0
end_of_record
TN:
SF:src\config\uploadProfilePicture.js
FN:8,uploadProfilePicture
FNF:1
FNH:0
FNDA:0,uploadProfilePicture
DA:9,0
DA:11,0
DA:15,0
DA:16,0
DA:17,0
DA:22,0
DA:24,0
DA:25,0
DA:28,0
LF:9
LH:0
BRDA:9,0,0,0
BRDA:9,0,1,0
BRDA:15,1,0,0
BRDA:15,1,1,0
BRF:4
BRH:0
end_of_record
TN:
SF:src\config\webpush.js
FN:6,initializeWebPush
FN:27,sendPushToAdmin
FN:36,(anonymous_2)
FN:42,(anonymous_3)
FNF:4
FNH:0
FNDA:0,initializeWebPush
FNDA:0,sendPushToAdmin
FNDA:0,(anonymous_2)
FNDA:0,(anonymous_3)
DA:4,0
DA:7,0
DA:9,0
DA:11,0
DA:12,0
DA:15,0
DA:18,0
DA:19,0
DA:20,0
DA:28,0
DA:30,0
DA:31,0
DA:33,0
DA:35,0
DA:37,0
DA:38,0
DA:41,0
DA:42,0
DA:43,0
DA:48,0
DA:52,0
LF:21
LH:0
BRDA:7,0,0,0
BRDA:7,0,1,0
BRDA:11,1,0,0
BRDA:11,1,1,0
BRDA:11,2,0,0
BRDA:11,2,1,0
BRDA:11,2,2,0
BRDA:27,3,0,0
BRDA:28,4,0,0
BRDA:28,4,1,0
BRDA:31,5,0,0
BRDA:31,5,1,0
BRDA:41,6,0,0
BRDA:41,6,1,0
BRDA:41,7,0,0
BRDA:41,7,1,0
BRF:16
BRH:0
end_of_record
TN:
SF:src\constant\nepaliMonth.js
FNF:0
FNH:0
DA:1,0
LF:1
LH:0
BRF:0
BRH:0
end_of_record
TN:
SF:src\cron\model\CronLog.js
FNF:0
FNH:0
DA:4,1
DA:13,1
LF:2
LH:2
BRF:0
BRH:0
end_of_record
TN:
SF:src\cron\service\dailyCheck.cron.js
FN:96,resolveAdminIds
FN:109,(anonymous_1)
FN:125,notifyAdmins
FN:157,pushToMany
FN:161,(anonymous_4)
FN:186,alreadyNotified
FN:207,createChecklistForProperty
FN:261,buildTodayMeta
FN:277,createAndNotifyMorning
FN:312,(anonymous_9)
FN:380,(anonymous_10)
FN:439,(anonymous_11)
FN:454,sendMidMorningEscalation
FN:484,(anonymous_13)
FN:493,(anonymous_14)
FN:570,(anonymous_15)
FN:593,sendEndOfDayWarning
FN:623,(anonymous_17)
FN:628,(anonymous_18)
FN:630,(anonymous_19)
FN:706,(anonymous_20)
FN:729,scheduleDailyChecklistCron
FNF:22
FNH:0
FNDA:0,resolveAdminIds
FNDA:0,(anonymous_1)
FNDA:0,notifyAdmins
FNDA:0,pushToMany
FNDA:0,(anonymous_4)
FNDA:0,alreadyNotified
FNDA:0,createChecklistForProperty
FNDA:0,buildTodayMeta
FNDA:0,createAndNotifyMorning
FNDA:0,(anonymous_9)
FNDA:0,(anonymous_10)
FNDA:0,(anonymous_11)
FNDA:0,sendMidMorningEscalation
FNDA:0,(anonymous_13)
FNDA:0,(anonymous_14)
FNDA:0,(anonymous_15)
FNDA:0,sendEndOfDayWarning
FNDA:0,(anonymous_17)
FNDA:0,(anonymous_18)
FNDA:0,(anonymous_19)
FNDA:0,(anonymous_20)
FNDA:0,scheduleDailyChecklistCron
DA:72,0
DA:84,0
DA:98,0
DA:104,0
DA:109,0
DA:112,0
DA:113,0
DA:116,0
DA:126,0
DA:127,0
DA:128,0
DA:129,0
DA:136,0
DA:148,0
DA:158,0
DA:159,0
DA:160,0
DA:162,0
DA:163,0
DA:164,0
DA:166,0
DA:167,0
DA:174,0
DA:187,0
DA:213,0
DA:217,0
DA:218,0
DA:219,0
DA:220,0
DA:222,0
DA:230,0
DA:231,0
DA:237,0
DA:238,0
DA:240,0
DA:256,0
DA:262,0
DA:263,0
DA:264,0
DA:278,0
DA:279,0
DA:280,0
DA:282,0
DA:288,0
DA:289,0
DA:290,0
DA:298,0
DA:301,0
DA:302,0
DA:305,0
DA:313,0
DA:317,0
DA:322,0
DA:323,0
DA:324,0
DA:327,0
DA:332,0
DA:333,0
DA:334,0
DA:335,0
DA:336,0
DA:338,0
DA:339,0
DA:340,0
DA:341,0
DA:347,0
DA:348,0
DA:349,0
DA:350,0
DA:352,0
DA:353,0
DA:358,0
DA:359,0
DA:360,0
DA:369,0
DA:371,0
DA:373,0
DA:384,0
DA:385,0
DA:386,0
DA:387,0
DA:390,0
DA:391,0
DA:392,0
DA:393,0
DA:396,0
DA:409,0
DA:415,0
DA:429,0
DA:430,0
DA:432,0
DA:455,0
DA:456,0
DA:458,0
DA:463,0
DA:464,0
DA:465,0
DA:466,0
DA:468,0
DA:475,0
DA:476,0
DA:477,0
DA:485,0
DA:488,0
DA:493,0
DA:494,0
DA:495,0
DA:496,0
DA:497,0
DA:500,0
DA:502,0
DA:507,0
DA:508,0
DA:509,0
DA:510,0
DA:513,0
DA:514,0
DA:516,0
DA:517,0
DA:518,0
DA:519,0
DA:520,0
DA:523,0
DA:525,0
DA:540,0
DA:544,0
DA:545,0
DA:559,0
DA:561,0
DA:563,0
DA:572,0
DA:594,0
DA:595,0
DA:597,0
DA:602,0
DA:603,0
DA:604,0
DA:605,0
DA:607,0
DA:614,0
DA:615,0
DA:616,0
DA:624,0
DA:628,0
DA:629,0
DA:630,0
DA:633,0
DA:637,0
DA:638,0
DA:639,0
DA:640,0
DA:643,0
DA:644,0
DA:646,0
DA:647,0
DA:648,0
DA:649,0
DA:650,0
DA:653,0
DA:655,0
DA:657,0
DA:673,0
DA:677,0
DA:679,0
DA:683,0
DA:695,0
DA:697,0
DA:699,0
DA:708,0
DA:731,0
DA:737,0
DA:743,0
DA:748,0
DA:749,0
DA:750,0
DA:751,0
LF:176
LH:0
BRDA:96,0,0,0
BRDA:98,1,0,0
BRDA:98,1,1,0
BRDA:100,2,0,0
BRDA:100,2,1,0
BRDA:112,3,0,0
BRDA:112,3,1,0
BRDA:112,4,0,0
BRDA:112,4,1,0
BRDA:230,5,0,0
BRDA:230,5,1,0
BRDA:237,6,0,0
BRDA:237,6,1,0
BRDA:289,7,0,0
BRDA:289,7,1,0
BRDA:301,8,0,0
BRDA:301,8,1,0
BRDA:322,9,0,0
BRDA:322,9,1,0
BRDA:347,10,0,0
BRDA:347,10,1,0
BRDA:379,11,0,0
BRDA:379,11,1,0
BRDA:385,12,0,0
BRDA:385,12,1,0
BRDA:391,13,0,0
BRDA:391,13,1,0
BRDA:399,14,0,0
BRDA:399,14,1,0
BRDA:438,15,0,0
BRDA:438,15,1,0
BRDA:475,16,0,0
BRDA:475,16,1,0
BRDA:494,17,0,0
BRDA:494,17,1,0
BRDA:495,18,0,0
BRDA:495,18,1,0
BRDA:502,19,0,0
BRDA:502,19,1,0
BRDA:508,20,0,0
BRDA:508,20,1,0
BRDA:518,21,0,0
BRDA:518,21,1,0
BRDA:523,22,0,0
BRDA:523,22,1,0
BRDA:544,23,0,0
BRDA:544,23,1,0
BRDA:548,24,0,0
BRDA:548,24,1,0
BRDA:549,25,0,0
BRDA:549,25,1,0
BRDA:569,26,0,0
BRDA:569,26,1,0
BRDA:614,27,0,0
BRDA:614,27,1,0
BRDA:638,28,0,0
BRDA:638,28,1,0
BRDA:648,29,0,0
BRDA:648,29,1,0
BRDA:653,30,0,0
BRDA:653,30,1,0
BRDA:655,31,0,0
BRDA:655,31,1,0
BRDA:677,32,0,0
BRDA:677,32,1,0
BRDA:679,33,0,0
BRDA:679,33,1,0
BRDA:680,34,0,0
BRDA:680,34,1,0
BRDA:705,35,0,0
BRDA:705,35,1,0
BRF:71
BRH:0
end_of_record
TN:
SF:src\cron\service\generator.cron.js
FN:46,getTargetAdminIds
FN:57,(anonymous_1)
FN:67,getUncheckedGenerators
FN:89,pushToMany
FN:94,(anonymous_4)
FN:118,sendMorningGeneratorReminder
FN:169,(anonymous_6)
FN:180,sendAfternoonEscalation
FN:192,(anonymous_8)
FN:212,(anonymous_9)
FN:241,(anonymous_10)
FN:255,scheduleGeneratorCheckCron
FNF:12
FNH:0
FNDA:0,getTargetAdminIds
FNDA:0,(anonymous_1)
FNDA:0,getUncheckedGenerators
FNDA:0,pushToMany
FNDA:0,(anonymous_4)
FNDA:0,sendMorningGeneratorReminder
FNDA:0,(anonymous_6)
FNDA:0,sendAfternoonEscalation
FNDA:0,(anonymous_8)
FNDA:0,(anonymous_9)
FNDA:0,(anonymous_10)
FNDA:0,scheduleGeneratorCheckCron
DA:48,0
DA:52,0
DA:57,0
DA:68,0
DA:70,0
DA:90,0
DA:91,0
DA:93,0
DA:95,0
DA:96,0
DA:97,0
DA:99,0
DA:100,0
DA:108,0
DA:119,0
DA:120,0
DA:122,0
DA:124,0
DA:129,0
DA:130,0
DA:131,0
DA:134,0
DA:135,0
DA:136,0
DA:137,0
DA:140,0
DA:149,0
DA:150,0
DA:152,0
DA:161,0
DA:162,0
DA:181,0
DA:182,0
DA:184,0
DA:185,0
DA:187,0
DA:188,0
DA:189,0
DA:192,0
DA:193,0
DA:197,0
DA:198,0
DA:199,0
DA:200,0
DA:203,0
DA:212,0
DA:217,0
DA:219,0
DA:221,0
DA:230,0
DA:234,0
DA:257,0
DA:263,0
DA:268,0
DA:269,0
DA:270,0
LF:56
LH:0
BRDA:46,0,0,0
BRDA:48,1,0,0
BRDA:48,1,1,0
BRDA:129,2,0,0
BRDA:129,2,1,0
BRDA:135,3,0,0
BRDA:135,3,1,0
BRDA:143,4,0,0
BRDA:143,4,1,0
BRDA:158,5,0,0
BRDA:158,5,1,0
BRDA:187,6,0,0
BRDA:187,6,1,0
BRDA:198,7,0,0
BRDA:198,7,1,0
BRDA:206,8,0,0
BRDA:206,8,1,0
BRDA:227,9,0,0
BRDA:227,9,1,0
BRF:19
BRH:0
end_of_record
TN:
SF:src\cron\service\lateFee.cron.js
FN:71,loadLateFeePolicy
FN:122,getEffectiveDaysLate
FN:158,computeLateFee
FN:203,isDailyGrowingPolicy
FN:235,processOneRent
FN:355,applyLateFees
FN:464,(anonymous_6)
FNF:7
FNH:1
FNDA:0,loadLateFeePolicy
FNDA:0,getEffectiveDaysLate
FNDA:35,computeLateFee
FNDA:0,isDailyGrowingPolicy
FNDA:0,processOneRent
FNDA:0,applyLateFees
FNDA:0,(anonymous_6)
DA:72,0
DA:74,0
DA:75,0
DA:76,0
DA:86,0
DA:92,0
DA:93,0
DA:94,0
DA:96,0
DA:97,0
DA:98,0
DA:101,0
DA:123,0
DA:124,0
DA:125,0
DA:126,0
DA:127,0
DA:128,0
DA:159,35
DA:161,29
DA:163,29
DA:165,6
DA:166,23
DA:169,8
DA:172,15
DA:175,8
DA:176,8
DA:182,7
DA:186,29
DA:187,5
DA:193,29
DA:204,0
DA:237,0
DA:238,0
DA:242,0
DA:246,0
DA:247,0
DA:256,0
DA:257,0
DA:264,0
DA:265,0
DA:270,0
DA:271,0
DA:275,0
DA:280,0
DA:281,0
DA:284,0
DA:285,0
DA:288,0
DA:289,0
DA:298,0
DA:302,0
DA:316,0
DA:319,0
DA:321,0
DA:322,0
DA:325,0
DA:328,0
DA:329,0
DA:332,0
DA:333,0
DA:334,0
DA:336,0
DA:338,0
DA:339,0
DA:341,0
DA:356,0
DA:357,0
DA:359,0
DA:362,0
DA:364,0
DA:365,0
DA:377,0
DA:385,0
DA:396,0
DA:397,0
DA:401,0
DA:405,0
DA:406,0
DA:407,0
DA:418,0
DA:421,0
DA:422,0
DA:423,0
DA:424,0
DA:425,0
DA:427,0
DA:428,0
DA:429,0
DA:431,0
DA:432,0
DA:433,0
DA:435,0
DA:436,0
DA:437,0
DA:444,0
DA:445,0
DA:446,0
DA:452,0
DA:456,0
DA:457,0
DA:464,0
DA:468,0
DA:471,0
DA:473,0
LF:105
LH:13
BRDA:74,0,0,0
BRDA:74,0,1,0
BRDA:92,1,0,0
BRDA:92,1,1,0
BRDA:96,2,0,0
BRDA:96,2,1,0
BRDA:96,3,0,0
BRDA:96,3,1,0
BRDA:102,4,0,0
BRDA:102,4,1,0
BRDA:106,5,0,0
BRDA:106,5,1,0
BRDA:107,6,0,0
BRDA:107,6,1,0
BRDA:123,7,0,0
BRDA:123,7,1,0
BRDA:127,8,0,0
BRDA:127,8,1,0
BRDA:159,9,0,6
BRDA:159,9,1,29
BRDA:159,10,0,35
BRDA:159,10,1,32
BRDA:163,11,0,6
BRDA:163,11,1,23
BRDA:166,12,0,8
BRDA:166,12,1,15
BRDA:172,13,0,8
BRDA:172,13,1,7
BRDA:172,14,0,15
BRDA:172,14,1,15
BRDA:186,15,0,5
BRDA:186,15,1,24
BRDA:205,16,0,0
BRDA:205,16,1,0
BRDA:205,16,2,0
BRDA:237,17,0,0
BRDA:237,17,1,0
BRDA:246,18,0,0
BRDA:246,18,1,0
BRDA:256,19,0,0
BRDA:256,19,1,0
BRDA:256,20,0,0
BRDA:256,20,1,0
BRDA:264,21,0,0
BRDA:264,21,1,0
BRDA:270,22,0,0
BRDA:270,22,1,0
BRDA:280,23,0,0
BRDA:280,23,1,0
BRDA:284,24,0,0
BRDA:284,24,1,0
BRDA:288,25,0,0
BRDA:288,25,1,0
BRDA:288,26,0,0
BRDA:288,26,1,0
BRDA:298,27,0,0
BRDA:298,27,1,0
BRDA:309,28,0,0
BRDA:309,28,1,0
BRDA:328,29,0,0
BRDA:328,29,1,0
BRDA:356,30,0,0
BRDA:356,30,1,0
BRDA:356,30,2,0
BRDA:364,31,0,0
BRDA:364,31,1,0
BRDA:377,32,0,0
BRDA:377,32,1,0
BRDA:379,33,0,0
BRDA:379,33,1,0
BRDA:379,34,0,0
BRDA:379,34,1,0
BRDA:381,35,0,0
BRDA:381,35,1,0
BRDA:388,36,0,0
BRDA:388,36,1,0
BRDA:397,37,0,0
BRDA:397,37,1,0
BRDA:405,38,0,0
BRDA:405,38,1,0
BRDA:431,39,0,0
BRDA:431,39,1,0
BRDA:438,40,0,0
BRDA:438,40,1,0
BRDA:463,41,0,0
BRDA:463,41,1,0
BRDA:480,42,0,0
BRDA:480,42,1,0
BRF:88
BRH:14
end_of_record
TN:
SF:src\cron\service\loanEmi.cron.js
FN:64,addMonths
FN:76,diffDays
FN:88,getNextEmiDate
FN:102,notifyAdmins
FN:134,pushToMany
FN:138,(anonymous_5)
FN:158,alreadyNotified
FN:178,processOneLoan
FN:250,(anonymous_8)
FN:326,applyLoanEmiReminders
FN:337,(anonymous_10)
FN:421,(anonymous_11)
FN:423,(anonymous_12)
FN:448,scheduleLoanEmiCron
FN:451,(anonymous_14)
FNF:15
FNH:0
FNDA:0,addMonths
FNDA:0,diffDays
FNDA:0,getNextEmiDate
FNDA:0,notifyAdmins
FNDA:0,pushToMany
FNDA:0,(anonymous_5)
FNDA:0,alreadyNotified
FNDA:0,processOneLoan
FNDA:0,(anonymous_8)
FNDA:0,applyLoanEmiReminders
FNDA:0,(anonymous_10)
FNDA:0,(anonymous_11)
FNDA:0,(anonymous_12)
FNDA:0,scheduleLoanEmiCron
FNDA:0,(anonymous_14)
DA:52,0
DA:65,0
DA:66,0
DA:67,0
DA:69,0
DA:70,0
DA:77,0
DA:78,0
DA:79,0
DA:80,0
DA:89,0
DA:93,0
DA:94,0
DA:95,0
DA:103,0
DA:104,0
DA:105,0
DA:106,0
DA:113,0
DA:125,0
DA:135,0
DA:136,0
DA:137,0
DA:139,0
DA:140,0
DA:141,0
DA:143,0
DA:144,0
DA:151,0
DA:159,0
DA:184,0
DA:185,0
DA:193,0
DA:194,0
DA:196,0
DA:197,0
DA:198,0
DA:199,0
DA:202,0
DA:203,0
DA:204,0
DA:207,0
DA:208,0
DA:209,0
DA:216,0
DA:218,0
DA:221,0
DA:240,0
DA:246,0
DA:250,0
DA:251,0
DA:252,0
DA:260,0
DA:261,0
DA:267,0
DA:268,0
DA:276,0
DA:277,0
DA:278,0
DA:282,0
DA:283,0
DA:289,0
DA:308,0
DA:314,0
DA:327,0
DA:328,0
DA:331,0
DA:332,0
DA:333,0
DA:337,0
DA:339,0
DA:340,0
DA:344,0
DA:345,0
DA:346,0
DA:357,0
DA:358,0
DA:365,0
DA:369,0
DA:370,0
DA:371,0
DA:381,0
DA:384,0
DA:385,0
DA:386,0
DA:387,0
DA:389,0
DA:390,0
DA:391,0
DA:392,0
DA:393,0
DA:394,0
DA:399,0
DA:400,0
DA:403,0
DA:404,0
DA:405,0
DA:409,0
DA:410,0
DA:413,0
DA:414,0
DA:421,0
DA:424,0
DA:428,0
DA:449,0
DA:452,0
DA:457,0
DA:458,0
LF:108
LH:0
BRDA:69,0,0,0
BRDA:69,0,1,0
BRDA:89,1,0,0
BRDA:89,1,1,0
BRDA:184,2,0,0
BRDA:184,2,1,0
BRDA:196,3,0,0
BRDA:196,3,1,0
BRDA:202,4,0,0
BRDA:202,4,1,0
BRDA:208,5,0,0
BRDA:208,5,1,0
BRDA:251,6,0,0
BRDA:251,6,1,0
BRDA:267,7,0,0
BRDA:267,7,1,0
BRDA:276,8,0,0
BRDA:276,8,1,0
BRDA:282,9,0,0
BRDA:282,9,1,0
BRDA:332,10,0,0
BRDA:332,10,1,0
BRDA:339,11,0,0
BRDA:339,11,1,0
BRDA:339,12,0,0
BRDA:339,12,1,0
BRDA:344,13,0,0
BRDA:344,13,1,0
BRDA:369,14,0,0
BRDA:369,14,1,0
BRDA:392,15,0,0
BRDA:392,15,1,0
BRDA:413,16,0,0
BRDA:413,16,1,0
BRDA:413,17,0,0
BRDA:413,17,1,0
BRDA:420,18,0,0
BRDA:420,18,1,0
BRDA:434,19,0,0
BRDA:434,19,1,0
BRF:40
BRH:0
end_of_record
TN:
SF:src\cron\service\master-cron.js
FN:56,getNotifiableAdmins
FN:62,(anonymous_1)
FN:78,notifyAdmins
FN:108,getTodayNepali
FN:124,markOverdueRents
FN:150,sendRentReminders
FN:223,masterCron
FN:327,(anonymous_7)
FN:363,(anonymous_8)
FN:407,(anonymous_9)
FNF:10
FNH:0
FNDA:0,getNotifiableAdmins
FNDA:0,(anonymous_1)
FNDA:0,notifyAdmins
FNDA:0,getTodayNepali
FNDA:0,markOverdueRents
FNDA:0,sendRentReminders
FNDA:0,masterCron
FNDA:0,(anonymous_7)
FNDA:0,(anonymous_8)
FNDA:0,(anonymous_9)
DA:48,0
DA:52,0
DA:57,0
DA:62,0
DA:64,0
DA:65,0
DA:66,0
DA:69,0
DA:72,0
DA:75,0
DA:79,0
DA:80,0
DA:81,0
DA:82,0
DA:89,0
DA:101,0
DA:109,0
DA:110,0
DA:111,0
DA:112,0
DA:125,0
DA:126,0
DA:127,0
DA:129,0
DA:134,0
DA:144,0
DA:145,0
DA:151,0
DA:152,0
DA:153,0
DA:155,0
DA:160,0
DA:168,0
DA:169,0
DA:170,0
DA:173,0
DA:174,0
DA:175,0
DA:177,0
DA:178,0
DA:179,0
DA:186,0
DA:187,0
DA:188,0
DA:191,0
DA:193,0
DA:211,0
DA:213,0
DA:217,0
DA:218,0
DA:224,0
DA:225,0
DA:226,0
DA:228,0
DA:230,0
DA:238,0
DA:240,0
DA:241,0
DA:243,0
DA:251,0
DA:252,0
DA:254,0
DA:256,0
DA:258,0
DA:259,0
DA:260,0
DA:261,0
DA:271,0
DA:272,0
DA:273,0
DA:274,0
DA:285,0
DA:286,0
DA:287,0
DA:298,0
DA:299,0
DA:300,0
DA:301,0
DA:314,0
DA:315,0
DA:318,0
DA:319,0
DA:327,0
DA:334,0
DA:335,0
DA:351,0
DA:352,0
DA:354,0
DA:355,0
DA:363,0
DA:370,0
DA:371,0
DA:372,0
DA:373,0
DA:387,0
DA:388,0
DA:390,0
DA:391,0
DA:400,0
DA:405,0
DA:408,0
DA:413,0
DA:414,0
DA:417,0
DA:420,0
LF:105
LH:0
BRDA:62,0,0,0
BRDA:62,0,1,0
BRDA:65,1,0,0
BRDA:65,1,1,0
BRDA:168,2,0,0
BRDA:168,2,1,0
BRDA:186,3,0,0
BRDA:186,3,1,0
BRDA:191,4,0,0
BRDA:191,4,1,0
BRDA:223,5,0,0
BRDA:223,6,0,0
BRDA:224,7,0,0
BRDA:224,7,1,0
BRDA:240,8,0,0
BRDA:240,8,1,0
BRDA:241,9,0,0
BRDA:241,9,1,0
BRDA:247,10,0,0
BRDA:247,10,1,0
BRDA:256,11,0,0
BRDA:256,11,1,0
BRDA:265,12,0,0
BRDA:265,12,1,0
BRDA:267,13,0,0
BRDA:267,13,1,0
BRDA:278,14,0,0
BRDA:278,14,1,0
BRDA:280,15,0,0
BRDA:280,15,1,0
BRDA:300,16,0,0
BRDA:300,16,1,0
BRDA:304,17,0,0
BRDA:304,17,1,0
BRDA:305,18,0,0
BRDA:305,18,1,0
BRDA:306,19,0,0
BRDA:306,19,1,0
BRDA:307,20,0,0
BRDA:307,20,1,0
BRDA:315,21,0,0
BRDA:315,21,1,0
BRDA:318,22,0,0
BRDA:318,22,1,0
BRDA:318,23,0,0
BRDA:318,23,1,0
BRDA:325,24,0,0
BRDA:325,24,1,0
BRDA:334,25,0,0
BRDA:334,25,1,0
BRDA:334,26,0,0
BRDA:334,26,1,0
BRDA:347,27,0,0
BRDA:347,27,1,0
BRDA:354,28,0,0
BRDA:354,28,1,0
BRDA:354,29,0,0
BRDA:354,29,1,0
BRDA:361,30,0,0
BRDA:361,30,1,0
BRDA:370,31,0,0
BRDA:370,31,1,0
BRDA:381,32,0,0
BRDA:381,32,1,0
BRF:64
BRH:0
end_of_record
TN:
SF:src\helper\paginator.js
FN:1,(anonymous_0)
FNF:1
FNH:0
FNDA:0,(anonymous_0)
DA:1,0
DA:2,0
DA:3,0
DA:4,0
DA:5,0
LF:5
LH:0
BRDA:2,0,0,0
BRDA:2,0,1,0
BRDA:3,1,0,0
BRDA:3,1,1,0
BRF:4
BRH:0
end_of_record
TN:
SF:src\helper\resolveEntity.js
FN:40,resolveEntityFromBlock
FN:87,buildEntityMapForBlocks
FN:90,(anonymous_2)
FN:99,(anonymous_3)
FNF:4
FNH:0
FNDA:0,resolveEntityFromBlock
FNDA:0,buildEntityMapForBlocks
FNDA:0,(anonymous_2)
FNDA:0,(anonymous_3)
DA:41,0
DA:42,0
DA:43,0
DA:45,0
DA:47,0
DA:50,0
DA:51,0
DA:53,0
DA:54,0
DA:56,0
DA:60,0
DA:88,0
DA:89,0
DA:90,0
DA:92,0
DA:94,0
DA:98,0
DA:99,0
DA:102,0
DA:107,0
LF:20
LH:0
BRDA:40,0,0,0
BRDA:43,1,0,0
BRDA:43,1,1,0
BRDA:47,2,0,0
BRDA:47,2,1,0
BRDA:51,3,0,0
BRDA:51,3,1,0
BRDA:54,4,0,0
BRDA:54,4,1,0
BRDA:92,5,0,0
BRDA:92,5,1,0
BRDA:99,6,0,0
BRDA:99,6,1,0
BRF:13
BRH:0
end_of_record
TN:
SF:src\middleware\auth.middleware.js
FN:5,(anonymous_0)
FNF:1
FNH:0
FNDA:0,(anonymous_0)
DA:3,0
DA:6,0
DA:7,0
DA:8,0
DA:9,0
DA:12,0
DA:13,0
DA:14,0
DA:16,0
DA:17,0
LF:10
LH:0
BRDA:8,0,0,0
BRDA:8,0,1,0
BRF:2
BRH:0
end_of_record
TN:
SF:src\middleware\authorize.js
FN:1,(anonymous_0)
FN:2,(anonymous_1)
FNF:2
FNH:0
FNDA:0,(anonymous_0)
FNDA:0,(anonymous_1)
DA:1,0
DA:2,0
DA:4,0
DA:5,0
DA:11,0
DA:13,0
DA:14,0
DA:21,0
LF:8
LH:0
BRDA:4,0,0,0
BRDA:4,0,1,0
BRDA:13,1,0,0
BRDA:13,1,1,0
BRF:4
BRH:0
end_of_record
TN:
SF:src\middleware\multerErrorHandler.js
FN:3,(anonymous_0)
FNF:1
FNH:0
FNDA:0,(anonymous_0)
DA:3,0
DA:4,0
DA:5,0
DA:6,0
DA:11,0
DA:12,0
DA:19,0
DA:25,0
DA:26,0
DA:32,0
LF:10
LH:0
BRDA:4,0,0,0
BRDA:4,0,1,0
BRDA:5,1,0,0
BRDA:5,1,1,0
BRDA:11,2,0,0
BRDA:11,2,1,0
BRDA:11,3,0,0
BRDA:11,3,1,0
BRDA:25,4,0,0
BRDA:25,4,1,0
BRDA:28,5,0,0
BRDA:28,5,1,0
BRF:12
BRH:0
end_of_record
TN:
SF:src\middleware\protect.js
FN:3,(anonymous_0)
FNF:1
FNH:0
FNDA:0,(anonymous_0)
DA:3,0
DA:4,0
DA:6,0
DA:7,0
DA:8,0
DA:14,0
DA:17,0
DA:18,0
DA:19,0
DA:20,0
DA:21,0
DA:22,0
DA:23,0
DA:26,0
DA:27,0
DA:31,0
DA:32,0
DA:36,0
DA:37,0
DA:43,0
DA:45,0
DA:46,0
DA:53,0
DA:57,0
DA:59,0
DA:61,0
DA:62,0
LF:27
LH:0
BRDA:6,0,0,0
BRDA:6,0,1,0
BRDA:18,1,0,0
BRDA:18,1,1,0
BRDA:18,2,0,0
BRDA:18,2,1,0
BRDA:20,3,0,0
BRDA:20,3,1,0
BRDA:20,4,0,0
BRDA:20,4,1,0
BRDA:21,5,0,0
BRDA:21,5,1,0
BRDA:22,6,0,0
BRDA:22,6,1,0
BRDA:22,7,0,0
BRDA:22,7,1,0
BRDA:23,8,0,0
BRDA:23,8,1,0
BRDA:26,9,0,0
BRDA:26,9,1,0
BRDA:26,10,0,0
BRDA:26,10,1,0
BRDA:31,11,0,0
BRDA:31,11,1,0
BRDA:31,12,0,0
BRDA:31,12,1,0
BRDA:31,12,2,0
BRDA:36,13,0,0
BRDA:36,13,1,0
BRDA:45,14,0,0
BRDA:45,14,1,0
BRF:31
BRH:0
end_of_record
TN:
SF:src\middleware\upload.js
FN:9,(anonymous_0)
FNF:1
FNH:0
FNDA:0,(anonymous_0)
DA:4,0
DA:6,0
DA:10,0
DA:14,0
DA:15,0
LF:5
LH:0
BRDA:14,0,0,0
BRDA:14,0,1,0
BRF:2
BRH:0
end_of_record
TN:
SF:src\modules\accounting\accounting.controller.js
FN:29,extractFilters
FN:46,getAccountingSummaryController
FN:67,getMonthlyChartController
FN:87,getRevenueBreakdownController
FN:108,getExpenseBreakdownController
FNF:5
FNH:0
FNDA:0,extractFilters
FNDA:0,getAccountingSummaryController
FNDA:0,getMonthlyChartController
FNDA:0,getRevenueBreakdownController
FNDA:0,getExpenseBreakdownController
DA:31,0
DA:32,0
DA:47,0
DA:49,0
DA:50,0
DA:58,0
DA:60,0
DA:61,0
DA:68,0
DA:69,0
DA:72,0
DA:78,0
DA:80,0
DA:81,0
DA:88,0
DA:90,0
DA:91,0
DA:99,0
DA:101,0
DA:102,0
DA:109,0
DA:111,0
DA:112,0
DA:120,0
DA:122,0
DA:123,0
LF:26
LH:0
BRDA:33,0,0,0
BRDA:33,0,1,0
BRDA:34,1,0,0
BRDA:34,1,1,0
BRDA:35,2,0,0
BRDA:35,2,1,0
BRDA:36,3,0,0
BRDA:36,3,1,0
BRDA:37,4,0,0
BRDA:37,4,1,0
BRDA:38,5,0,0
BRDA:38,5,1,0
BRDA:40,6,0,0
BRDA:40,6,1,0
BRF:14
BRH:0
end_of_record
TN:
SF:src\modules\accounting\accounting.route.js
FNF:0
FNH:0
DA:11,0
DA:13,0
DA:34,0
DA:47,0
DA:50,0
DA:53,0
LF:6
LH:0
BRF:0
BRH:0
end_of_record
TN:
SF:src\modules\accounting\accounting.service.js
FN:50,buildDateFilter
FN:61,toBS
FN:70,bsMonthToDateRange
FN:74,(anonymous_3)
FN:78,getLastNMonths
FN:93,getQuarterMonths
FN:95,(anonymous_6)
FN:98,getFiscalYearMonths
FN:99,(anonymous_8)
FN:105,resolveMonthToDateRange
FN:111,pctChange
FN:134,buildEntityFilter
FN:166,getAccountingSummary
FN:267,(anonymous_13)
FN:269,(anonymous_14)
FN:271,(anonymous_15)
FN:272,(anonymous_16)
FN:278,(anonymous_17)
FN:282,(anonymous_18)
FN:287,(anonymous_19)
FN:290,(anonymous_20)
FN:294,(anonymous_21)
FN:311,(anonymous_22)
FN:317,(anonymous_23)
FN:344,getMonthlyChartData
FN:362,(anonymous_25)
FN:401,getRevenueBreakdownSummary
FN:481,(anonymous_27)
FN:488,(anonymous_28)
FN:504,(anonymous_29)
FN:514,(anonymous_30)
FN:518,(anonymous_31)
FN:536,(anonymous_32)
FN:538,(anonymous_33)
FN:555,(anonymous_34)
FN:576,(anonymous_35)
FN:580,(anonymous_36)
FN:588,(anonymous_37)
FN:597,(anonymous_38)
FN:602,(anonymous_39)
FN:603,(anonymous_40)
FN:621,(anonymous_41)
FN:632,(anonymous_42)
FN:637,(anonymous_43)
FN:643,(anonymous_44)
FN:685,getExpenseBreakdownSummary
FN:733,(anonymous_46)
FN:784,(anonymous_47)
FN:791,(anonymous_48)
FN:807,(anonymous_49)
FN:817,(anonymous_50)
FN:821,(anonymous_51)
FN:839,(anonymous_52)
FN:841,(anonymous_53)
FN:859,(anonymous_54)
FN:876,(anonymous_55)
FN:880,(anonymous_56)
FN:888,(anonymous_57)
FN:897,(anonymous_58)
FN:902,(anonymous_59)
FN:910,(anonymous_60)
FN:916,(anonymous_61)
FN:925,(anonymous_62)
FNF:63
FNH:0
FNDA:0,buildDateFilter
FNDA:0,toBS
FNDA:0,bsMonthToDateRange
FNDA:0,(anonymous_3)
FNDA:0,getLastNMonths
FNDA:0,getQuarterMonths
FNDA:0,(anonymous_6)
FNDA:0,getFiscalYearMonths
FNDA:0,(anonymous_8)
FNDA:0,resolveMonthToDateRange
FNDA:0,pctChange
FNDA:0,buildEntityFilter
FNDA:0,getAccountingSummary
FNDA:0,(anonymous_13)
FNDA:0,(anonymous_14)
FNDA:0,(anonymous_15)
FNDA:0,(anonymous_16)
FNDA:0,(anonymous_17)
FNDA:0,(anonymous_18)
FNDA:0,(anonymous_19)
FNDA:0,(anonymous_20)
FNDA:0,(anonymous_21)
FNDA:0,(anonymous_22)
FNDA:0,(anonymous_23)
FNDA:0,getMonthlyChartData
FNDA:0,(anonymous_25)
FNDA:0,getRevenueBreakdownSummary
FNDA:0,(anonymous_27)
FNDA:0,(anonymous_28)
FNDA:0,(anonymous_29)
FNDA:0,(anonymous_30)
FNDA:0,(anonymous_31)
FNDA:0,(anonymous_32)
FNDA:0,(anonymous_33)
FNDA:0,(anonymous_34)
FNDA:0,(anonymous_35)
FNDA:0,(anonymous_36)
FNDA:0,(anonymous_37)
FNDA:0,(anonymous_38)
FNDA:0,(anonymous_39)
FNDA:0,(anonymous_40)
FNDA:0,(anonymous_41)
FNDA:0,(anonymous_42)
FNDA:0,(anonymous_43)
FNDA:0,(anonymous_44)
FNDA:0,getExpenseBreakdownSummary
FNDA:0,(anonymous_46)
FNDA:0,(anonymous_47)
FNDA:0,(anonymous_48)
FNDA:0,(anonymous_49)
FNDA:0,(anonymous_50)
FNDA:0,(anonymous_51)
FNDA:0,(anonymous_52)
FNDA:0,(anonymous_53)
FNDA:0,(anonymous_54)
FNDA:0,(anonymous_55)
FNDA:0,(anonymous_56)
FNDA:0,(anonymous_57)
FNDA:0,(anonymous_58)
FNDA:0,(anonymous_59)
FNDA:0,(anonymous_60)
FNDA:0,(anonymous_61)
FNDA:0,(anonymous_62)
DA:14,0
DA:36,0
DA:44,0
DA:46,0
DA:51,0
DA:52,0
DA:53,0
DA:54,0
DA:55,0
DA:56,0
DA:58,0
DA:62,0
DA:63,0
DA:64,0
DA:66,0
DA:71,0
DA:72,0
DA:73,0
DA:74,0
DA:75,0
DA:79,0
DA:80,0
DA:81,0
DA:82,0
DA:83,0
DA:84,0
DA:85,0
DA:86,0
DA:88,0
DA:90,0
DA:94,0
DA:95,0
DA:99,0
DA:100,0
DA:101,0
DA:106,0
DA:107,0
DA:108,0
DA:112,0
DA:113,0
DA:135,0
DA:136,0
DA:138,0
DA:140,0
DA:141,0
DA:144,0
DA:176,0
DA:177,0
DA:179,0
DA:180,0
DA:181,0
DA:183,0
DA:184,0
DA:185,0
DA:186,0
DA:190,0
DA:191,0
DA:192,0
DA:193,0
DA:194,0
DA:195,0
DA:199,0
DA:200,0
DA:204,0
DA:205,0
DA:208,0
DA:209,0
DA:211,0
DA:233,0
DA:234,0
DA:236,0
DA:259,0
DA:266,0
DA:267,0
DA:268,0
DA:269,0
DA:271,0
DA:272,0
DA:274,0
DA:275,0
DA:277,0
DA:278,0
DA:281,0
DA:282,0
DA:285,0
DA:287,0
DA:288,0
DA:290,0
DA:293,0
DA:295,0
DA:296,0
DA:297,0
DA:299,0
DA:301,0
DA:302,0
DA:303,0
DA:305,0
DA:306,0
DA:311,0
DA:317,0
DA:323,0
DA:352,0
DA:353,0
DA:354,0
DA:355,0
DA:356,0
DA:358,0
DA:361,0
DA:363,0
DA:364,0
DA:365,0
DA:370,0
DA:378,0
DA:389,0
DA:409,0
DA:410,0
DA:412,0
DA:413,0
DA:414,0
DA:416,0
DA:417,0
DA:418,0
DA:419,0
DA:423,0
DA:424,0
DA:425,0
DA:426,0
DA:427,0
DA:428,0
DA:432,0
DA:433,0
DA:437,0
DA:438,0
DA:441,0
DA:442,0
DA:444,0
DA:467,0
DA:468,0
DA:481,0
DA:482,0
DA:483,0
DA:484,0
DA:487,0
DA:488,0
DA:489,0
DA:490,0
DA:491,0
DA:498,0
DA:499,0
DA:500,0
DA:503,0
DA:504,0
DA:514,0
DA:517,0
DA:518,0
DA:519,0
DA:520,0
DA:521,0
DA:522,0
DA:523,0
DA:530,0
DA:531,0
DA:532,0
DA:535,0
DA:536,0
DA:538,0
DA:545,0
DA:553,0
DA:554,0
DA:555,0
DA:556,0
DA:557,0
DA:559,0
DA:576,0
DA:579,0
DA:580,0
DA:581,0
DA:582,0
DA:583,0
DA:584,0
DA:585,0
DA:587,0
DA:588,0
DA:597,0
DA:600,0
DA:601,0
DA:602,0
DA:604,0
DA:605,0
DA:606,0
DA:614,0
DA:615,0
DA:616,0
DA:617,0
DA:620,0
DA:621,0
DA:632,0
DA:636,0
DA:637,0
DA:638,0
DA:639,0
DA:643,0
DA:644,0
DA:645,0
DA:649,0
DA:664,0
DA:693,0
DA:694,0
DA:696,0
DA:697,0
DA:698,0
DA:700,0
DA:701,0
DA:702,0
DA:703,0
DA:707,0
DA:708,0
DA:709,0
DA:710,0
DA:711,0
DA:712,0
DA:716,0
DA:717,0
DA:721,0
DA:725,0
DA:727,0
DA:728,0
DA:729,0
DA:730,0
DA:731,0
DA:732,0
DA:733,0
DA:735,0
DA:736,0
DA:737,0
DA:738,0
DA:739,0
DA:742,0
DA:743,0
DA:746,0
DA:769,0
DA:770,0
DA:784,0
DA:785,0
DA:786,0
DA:787,0
DA:790,0
DA:791,0
DA:792,0
DA:793,0
DA:794,0
DA:801,0
DA:802,0
DA:803,0
DA:806,0
DA:807,0
DA:817,0
DA:820,0
DA:821,0
DA:822,0
DA:823,0
DA:824,0
DA:825,0
DA:826,0
DA:833,0
DA:834,0
DA:835,0
DA:838,0
DA:839,0
DA:841,0
DA:849,0
DA:857,0
DA:858,0
DA:859,0
DA:860,0
DA:861,0
DA:863,0
DA:876,0
DA:879,0
DA:880,0
DA:881,0
DA:882,0
DA:883,0
DA:884,0
DA:885,0
DA:887,0
DA:888,0
DA:897,0
DA:900,0
DA:901,0
DA:902,0
DA:903,0
DA:904,0
DA:905,0
DA:909,0
DA:910,0
DA:911,0
DA:912,0
DA:916,0
DA:926,0
DA:927,0
DA:933,0
LF:302
LH:0
BRDA:52,0,0,0
BRDA:52,0,1,0
BRDA:53,1,0,0
BRDA:53,1,1,0
BRDA:58,2,0,0
BRDA:58,2,1,0
BRDA:78,3,0,0
BRDA:94,4,0,0
BRDA:94,4,1,0
BRDA:100,5,0,0
BRDA:100,5,1,0
BRDA:107,6,0,0
BRDA:107,6,1,0
BRDA:112,7,0,0
BRDA:112,7,1,0
BRDA:135,8,0,0
BRDA:135,8,1,0
BRDA:136,9,0,0
BRDA:136,9,1,0
BRDA:173,10,0,0
BRDA:179,11,0,0
BRDA:179,11,1,0
BRDA:179,12,0,0
BRDA:179,12,1,0
BRDA:180,13,0,0
BRDA:180,13,1,0
BRDA:183,14,0,0
BRDA:183,14,1,0
BRDA:192,15,0,0
BRDA:192,15,1,0
BRDA:209,16,0,0
BRDA:209,16,1,0
BRDA:234,17,0,0
BRDA:234,17,1,0
BRDA:266,18,0,0
BRDA:266,18,1,0
BRDA:269,19,0,0
BRDA:269,19,1,0
BRDA:272,20,0,0
BRDA:272,20,1,0
BRDA:278,21,0,0
BRDA:278,21,1,0
BRDA:282,22,0,0
BRDA:282,22,1,0
BRDA:287,23,0,0
BRDA:290,24,0,0
BRDA:290,24,1,0
BRDA:295,25,0,0
BRDA:295,25,1,0
BRDA:295,25,2,0
BRDA:296,26,0,0
BRDA:296,26,1,0
BRDA:297,27,0,0
BRDA:297,27,1,0
BRDA:301,28,0,0
BRDA:301,28,1,0
BRDA:302,29,0,0
BRDA:302,29,1,0
BRDA:303,30,0,0
BRDA:303,30,1,0
BRDA:305,31,0,0
BRDA:305,31,1,0
BRDA:313,32,0,0
BRDA:313,32,1,0
BRDA:313,32,2,0
BRDA:314,33,0,0
BRDA:314,33,1,0
BRDA:319,34,0,0
BRDA:319,34,1,0
BRDA:319,34,2,0
BRDA:320,35,0,0
BRDA:320,35,1,0
BRDA:344,36,0,0
BRDA:347,37,0,0
BRDA:348,38,0,0
BRDA:352,39,0,0
BRDA:352,39,1,0
BRDA:353,40,0,0
BRDA:353,40,1,0
BRDA:355,41,0,0
BRDA:355,41,1,0
BRDA:401,42,0,0
BRDA:407,43,0,0
BRDA:412,44,0,0
BRDA:412,44,1,0
BRDA:412,45,0,0
BRDA:412,45,1,0
BRDA:413,46,0,0
BRDA:413,46,1,0
BRDA:416,47,0,0
BRDA:416,47,1,0
BRDA:416,48,0,0
BRDA:416,48,1,0
BRDA:425,49,0,0
BRDA:425,49,1,0
BRDA:442,50,0,0
BRDA:442,50,1,0
BRDA:467,51,0,0
BRDA:467,51,1,0
BRDA:481,52,0,0
BRDA:481,52,1,0
BRDA:484,53,0,0
BRDA:484,53,1,0
BRDA:489,54,0,0
BRDA:489,54,1,0
BRDA:490,55,0,0
BRDA:490,55,1,0
BRDA:492,56,0,0
BRDA:492,56,1,0
BRDA:493,57,0,0
BRDA:493,57,1,0
BRDA:499,58,0,0
BRDA:499,58,1,0
BRDA:510,59,0,0
BRDA:510,59,1,0
BRDA:520,60,0,0
BRDA:520,60,1,0
BRDA:522,61,0,0
BRDA:522,61,1,0
BRDA:531,62,0,0
BRDA:531,62,1,0
BRDA:545,63,0,0
BRDA:545,63,1,0
BRDA:556,64,0,0
BRDA:556,64,1,0
BRDA:556,65,0,0
BRDA:556,65,1,0
BRDA:557,66,0,0
BRDA:557,66,1,0
BRDA:564,67,0,0
BRDA:564,67,1,0
BRDA:572,68,0,0
BRDA:572,68,1,0
BRDA:581,69,0,0
BRDA:581,69,1,0
BRDA:582,70,0,0
BRDA:582,70,1,0
BRDA:584,71,0,0
BRDA:584,71,1,0
BRDA:593,72,0,0
BRDA:593,72,1,0
BRDA:604,73,0,0
BRDA:604,73,1,0
BRDA:605,74,0,0
BRDA:605,74,1,0
BRDA:608,75,0,0
BRDA:608,75,1,0
BRDA:615,76,0,0
BRDA:615,76,1,0
BRDA:617,77,0,0
BRDA:617,77,1,0
BRDA:627,78,0,0
BRDA:627,78,1,0
BRDA:638,79,0,0
BRDA:638,79,1,0
BRDA:639,80,0,0
BRDA:639,80,1,0
BRDA:645,81,0,0
BRDA:645,81,1,0
BRDA:646,82,0,0
BRDA:646,82,1,0
BRDA:652,83,0,0
BRDA:652,83,1,0
BRDA:653,84,0,0
BRDA:653,84,1,0
BRDA:654,85,0,0
BRDA:654,85,1,0
BRDA:655,86,0,0
BRDA:655,86,1,0
BRDA:656,87,0,0
BRDA:656,87,1,0
BRDA:658,88,0,0
BRDA:658,88,1,0
BRDA:660,89,0,0
BRDA:660,89,1,0
BRDA:685,90,0,0
BRDA:691,91,0,0
BRDA:696,92,0,0
BRDA:696,92,1,0
BRDA:696,93,0,0
BRDA:696,93,1,0
BRDA:697,94,0,0
BRDA:697,94,1,0
BRDA:700,95,0,0
BRDA:700,95,1,0
BRDA:700,96,0,0
BRDA:700,96,1,0
BRDA:709,97,0,0
BRDA:709,97,1,0
BRDA:727,98,0,0
BRDA:727,98,1,0
BRDA:727,99,0,0
BRDA:727,99,1,0
BRDA:728,100,0,0
BRDA:728,100,1,0
BRDA:730,101,0,0
BRDA:730,101,1,0
BRDA:731,102,0,0
BRDA:731,102,1,0
BRDA:731,103,0,0
BRDA:731,103,1,0
BRDA:736,104,0,0
BRDA:736,104,1,0
BRDA:737,105,0,0
BRDA:737,105,1,0
BRDA:739,106,0,0
BRDA:739,106,1,0
BRDA:743,107,0,0
BRDA:743,107,1,0
BRDA:769,108,0,0
BRDA:769,108,1,0
BRDA:784,109,0,0
BRDA:784,109,1,0
BRDA:787,110,0,0
BRDA:787,110,1,0
BRDA:792,111,0,0
BRDA:792,111,1,0
BRDA:793,112,0,0
BRDA:793,112,1,0
BRDA:795,113,0,0
BRDA:795,113,1,0
BRDA:796,114,0,0
BRDA:796,114,1,0
BRDA:802,115,0,0
BRDA:802,115,1,0
BRDA:813,116,0,0
BRDA:813,116,1,0
BRDA:822,117,0,0
BRDA:822,117,1,0
BRDA:822,118,0,0
BRDA:822,118,1,0
BRDA:825,119,0,0
BRDA:825,119,1,0
BRDA:834,120,0,0
BRDA:834,120,1,0
BRDA:849,121,0,0
BRDA:849,121,1,0
BRDA:860,122,0,0
BRDA:860,122,1,0
BRDA:860,123,0,0
BRDA:860,123,1,0
BRDA:861,124,0,0
BRDA:861,124,1,0
BRDA:868,125,0,0
BRDA:868,125,1,0
BRDA:874,126,0,0
BRDA:874,126,1,0
BRDA:881,127,0,0
BRDA:881,127,1,0
BRDA:882,128,0,0
BRDA:882,128,1,0
BRDA:884,129,0,0
BRDA:884,129,1,0
BRDA:893,130,0,0
BRDA:893,130,1,0
BRDA:903,131,0,0
BRDA:903,131,1,0
BRDA:904,132,0,0
BRDA:904,132,1,0
BRDA:905,133,0,0
BRDA:905,133,1,0
BRDA:911,134,0,0
BRDA:911,134,1,0
BRDA:912,135,0,0
BRDA:912,135,1,0
BRDA:918,136,0,0
BRDA:918,136,1,0
BRDA:919,137,0,0
BRDA:919,137,1,0
BRDA:921,138,0,0
BRDA:921,138,1,0
BRDA:923,139,0,0
BRDA:923,139,1,0
BRDA:923,140,0,0
BRDA:923,140,1,0
BRDA:926,141,0,0
BRDA:926,141,1,0
BRDA:927,142,0,0
BRDA:927,142,1,0
BRDA:929,143,0,0
BRDA:929,143,1,0
BRDA:930,144,0,0
BRDA:930,144,1,0
BRF:283
BRH:0
end_of_record
TN:
SF:src\modules\auth\admin.Model.js
FN:29,(anonymous_0)
FN:36,(anonymous_1)
FNF:2
FNH:0
FNDA:0,(anonymous_0)
FNDA:0,(anonymous_1)
DA:4,1
DA:29,1
DA:30,0
DA:31,0
DA:32,0
DA:33,0
DA:36,1
DA:37,0
LF:8
LH:3
BRDA:31,0,0,0
BRDA:31,0,1,0
BRDA:40,1,0,1
BRDA:40,1,1,1
BRF:4
BRH:2
end_of_record
TN:
SF:src\modules\auth\auth.controller.js
FN:18,(anonymous_0)
FN:25,(anonymous_1)
FN:36,(anonymous_2)
FN:92,(anonymous_3)
FN:273,(anonymous_4)
FN:319,(anonymous_5)
FN:364,(anonymous_6)
FN:420,(anonymous_7)
FN:479,(anonymous_8)
FN:510,(anonymous_9)
FN:573,(anonymous_10)
FN:618,(anonymous_11)
FN:637,(anonymous_12)
FN:704,(anonymous_13)
FNF:14
FNH:0
FNDA:0,(anonymous_0)
FNDA:0,(anonymous_1)
FNDA:0,(anonymous_2)
FNDA:0,(anonymous_3)
FNDA:0,(anonymous_4)
FNDA:0,(anonymous_5)
FNDA:0,(anonymous_6)
FNDA:0,(anonymous_7)
FNDA:0,(anonymous_8)
FNDA:0,(anonymous_9)
FNDA:0,(anonymous_10)
FNDA:0,(anonymous_11)
FNDA:0,(anonymous_12)
FNDA:0,(anonymous_13)
DA:15,0
DA:18,0
DA:19,0
DA:25,0
DA:33,0
DA:34,0
DA:36,0
DA:37,0
DA:38,0
DA:40,0
DA:41,0
DA:47,0
DA:48,0
DA:49,0
DA:54,0
DA:56,0
DA:67,0
DA:69,0
DA:80,0
DA:85,0
DA:86,0
DA:92,0
DA:93,0
DA:94,0
DA:96,0
DA:114,0
DA:117,0
DA:118,0
DA:119,0
DA:120,0
DA:121,0
DA:122,0
DA:123,0
DA:124,0
DA:125,0
DA:127,0
DA:128,0
DA:129,0
DA:130,0
DA:136,0
DA:137,0
DA:138,0
DA:139,0
DA:145,0
DA:146,0
DA:147,0
DA:148,0
DA:149,0
DA:155,0
DA:158,0
DA:175,0
DA:203,0
DA:204,0
DA:207,0
DA:208,0
DA:210,0
DA:247,0
DA:264,0
DA:265,0
DA:266,0
DA:267,0
DA:273,0
DA:274,0
DA:275,0
DA:276,0
DA:277,0
DA:282,0
DA:287,0
DA:291,0
DA:292,0
DA:297,0
DA:298,0
DA:303,0
DA:304,0
DA:305,0
DA:306,0
DA:308,0
DA:312,0
DA:313,0
DA:319,0
DA:320,0
DA:321,0
DA:322,0
DA:323,0
DA:325,0
DA:331,0
DA:332,0
DA:336,0
DA:337,0
DA:338,0
DA:339,0
DA:340,0
DA:341,0
DA:351,0
DA:357,0
DA:358,0
DA:364,0
DA:365,0
DA:366,0
DA:368,0
DA:369,0
DA:374,0
DA:376,0
DA:377,0
DA:382,0
DA:387,0
DA:393,0
DA:415,0
DA:416,0
DA:420,0
DA:421,0
DA:422,0
DA:424,0
DA:425,0
DA:428,0
DA:430,0
DA:431,0
DA:436,0
DA:437,0
DA:443,0
DA:449,0
DA:450,0
DA:456,0
DA:461,0
DA:467,0
DA:472,0
DA:473,0
DA:479,0
DA:480,0
DA:481,0
DA:482,0
DA:483,0
DA:489,0
DA:490,0
DA:491,0
DA:492,0
DA:498,0
DA:499,0
DA:501,0
DA:505,0
DA:506,0
DA:510,0
DA:511,0
DA:512,0
DA:513,0
DA:514,0
DA:518,0
DA:519,0
DA:521,0
DA:526,0
DA:527,0
DA:528,0
DA:536,0
DA:538,0
DA:539,0
DA:540,0
DA:546,0
DA:550,0
DA:556,0
DA:557,0
DA:560,0
DA:561,0
DA:563,0
DA:568,0
DA:569,0
DA:573,0
DA:574,0
DA:575,0
DA:577,0
DA:578,0
DA:584,0
DA:588,0
DA:589,0
DA:595,0
DA:610,0
DA:611,0
DA:618,0
DA:619,0
DA:620,0
DA:621,0
DA:622,0
DA:627,0
DA:631,0
DA:632,0
DA:637,0
DA:638,0
DA:639,0
DA:640,0
DA:641,0
DA:644,0
DA:645,0
DA:649,0
DA:650,0
DA:651,0
DA:652,0
DA:658,0
DA:659,0
DA:661,0
DA:662,0
DA:663,0
DA:664,0
DA:667,0
DA:675,0
DA:680,0
DA:681,0
DA:683,0
DA:689,0
DA:690,0
DA:691,0
DA:704,0
DA:705,0
DA:706,0
DA:707,0
DA:708,0
DA:711,0
DA:712,0
DA:713,0
DA:718,0
DA:719,0
DA:725,0
DA:726,0
DA:727,0
DA:728,0
DA:730,0
DA:731,0
DA:733,0
DA:739,0
DA:740,0
LF:228
LH:0
BRDA:28,0,0,0
BRDA:28,0,1,0
BRDA:40,1,0,0
BRDA:40,1,1,0
BRDA:40,2,0,0
BRDA:40,2,1,0
BRDA:40,2,2,0
BRDA:40,2,3,0
BRDA:48,3,0,0
BRDA:48,3,1,0
BRDA:118,4,0,0
BRDA:118,4,1,0
BRDA:119,5,0,0
BRDA:119,5,1,0
BRDA:120,6,0,0
BRDA:120,6,1,0
BRDA:121,7,0,0
BRDA:121,7,1,0
BRDA:122,8,0,0
BRDA:122,8,1,0
BRDA:123,9,0,0
BRDA:123,9,1,0
BRDA:124,10,0,0
BRDA:124,10,1,0
BRDA:125,11,0,0
BRDA:125,11,1,0
BRDA:127,12,0,0
BRDA:127,12,1,0
BRDA:136,13,0,0
BRDA:136,13,1,0
BRDA:136,14,0,0
BRDA:136,14,1,0
BRDA:146,15,0,0
BRDA:146,15,1,0
BRDA:165,16,0,0
BRDA:165,16,1,0
BRDA:181,17,0,0
BRDA:181,17,1,0
BRDA:182,18,0,0
BRDA:182,18,1,0
BRDA:184,19,0,0
BRDA:184,19,1,0
BRDA:195,20,0,0
BRDA:195,20,1,0
BRDA:196,21,0,0
BRDA:196,21,1,0
BRDA:212,22,0,0
BRDA:212,22,1,0
BRDA:258,23,0,0
BRDA:258,23,1,0
BRDA:276,24,0,0
BRDA:276,24,1,0
BRDA:291,25,0,0
BRDA:291,25,1,0
BRDA:291,26,0,0
BRDA:291,26,1,0
BRDA:297,27,0,0
BRDA:297,27,1,0
BRDA:323,28,0,0
BRDA:323,28,1,0
BRDA:331,29,0,0
BRDA:331,29,1,0
BRDA:368,30,0,0
BRDA:368,30,1,0
BRDA:368,31,0,0
BRDA:368,31,1,0
BRDA:376,32,0,0
BRDA:376,32,1,0
BRDA:403,33,0,0
BRDA:403,33,1,0
BRDA:407,34,0,0
BRDA:407,34,1,0
BRDA:424,35,0,0
BRDA:424,35,1,0
BRDA:430,36,0,0
BRDA:430,36,1,0
BRDA:430,37,0,0
BRDA:430,37,1,0
BRDA:436,38,0,0
BRDA:436,38,1,0
BRDA:449,39,0,0
BRDA:449,39,1,0
BRDA:482,40,0,0
BRDA:482,40,1,0
BRDA:490,41,0,0
BRDA:490,41,1,0
BRDA:513,42,0,0
BRDA:513,42,1,0
BRDA:527,43,0,0
BRDA:527,43,1,0
BRDA:536,44,0,0
BRDA:536,44,1,0
BRDA:536,45,0,0
BRDA:536,45,1,0
BRDA:577,46,0,0
BRDA:577,46,1,0
BRDA:588,47,0,0
BRDA:588,47,1,0
BRDA:603,48,0,0
BRDA:603,48,1,0
BRDA:604,49,0,0
BRDA:604,49,1,0
BRDA:605,50,0,0
BRDA:605,50,1,0
BRDA:640,51,0,0
BRDA:640,51,1,0
BRDA:644,52,0,0
BRDA:644,52,1,0
BRDA:651,53,0,0
BRDA:651,53,1,0
BRDA:658,54,0,0
BRDA:658,54,1,0
BRDA:689,55,0,0
BRDA:689,55,1,0
BRDA:693,56,0,0
BRDA:693,56,1,0
BRDA:707,57,0,0
BRDA:707,57,1,0
BRDA:712,58,0,0
BRDA:712,58,1,0
BRDA:718,59,0,0
BRDA:718,59,1,0
BRF:122
BRH:0
end_of_record
TN:
SF:src\modules\auth\auth.route.js
FNF:0
FNH:0
DA:19,0
DA:22,0
DA:23,0
DA:24,0
DA:25,0
DA:26,0
DA:29,0
DA:30,0
DA:31,0
DA:32,0
DA:35,0
DA:41,0
DA:44,0
LF:13
LH:0
BRF:0
BRH:0
end_of_record
TN:
SF:src\modules\auth\auth.services.js
FN:7,(anonymous_0)
FN:10,(anonymous_1)
FN:44,changePasswordService
FNF:3
FNH:0
FNDA:0,(anonymous_0)
FNDA:0,(anonymous_1)
FNDA:0,changePasswordService
DA:7,0
DA:8,0
DA:10,0
DA:11,0
DA:13,0
DA:15,0
DA:18,0
DA:19,0
DA:20,0
DA:23,0
DA:24,0
DA:27,0
DA:28,0
DA:31,0
DA:32,0
DA:38,0
DA:39,0
DA:41,0
DA:45,0
DA:46,0
DA:48,0
DA:49,0
DA:52,0
DA:53,0
DA:54,0
DA:57,0
DA:58,0
DA:62,0
DA:64,0
DA:66,0
DA:70,0
DA:76,0
DA:77,0
DA:79,0
DA:86,0
DA:87,0
LF:36
LH:0
BRDA:13,0,0,0
BRDA:13,0,1,0
BRDA:19,1,0,0
BRDA:19,1,1,0
BRDA:23,2,0,0
BRDA:23,2,1,0
BRDA:27,3,0,0
BRDA:27,3,1,0
BRDA:48,4,0,0
BRDA:48,4,1,0
BRDA:53,5,0,0
BRDA:53,5,1,0
BRF:12
BRH:0
end_of_record
TN:
SF:src\modules\banks\BankAccountModel.js
FN:76,(anonymous_0)
FN:94,(anonymous_1)
FN:98,(anonymous_2)
FNF:3
FNH:0
FNDA:0,(anonymous_0)
FNDA:0,(anonymous_1)
FNDA:0,(anonymous_2)
DA:23,1
DA:76,1
DA:77,0
DA:78,0
DA:86,1
DA:87,1
DA:89,1
DA:90,1
DA:94,1
DA:95,0
DA:98,1
DA:99,0
DA:100,0
DA:105,1
DA:106,1
LF:15
LH:10
BRDA:77,0,0,0
BRDA:77,0,1,0
BRDA:95,1,0,0
BRDA:95,1,1,0
BRDA:99,2,0,0
BRDA:99,2,1,0
BRDA:100,3,0,0
BRDA:100,3,1,0
BRDA:100,4,0,0
BRDA:100,4,1,0
BRF:10
BRH:0
end_of_record
TN:
SF:src\modules\banks\bank.controller.js
FN:41,(anonymous_0)
FN:152,(anonymous_1)
FN:160,(anonymous_2)
FN:167,(anonymous_3)
FN:169,(anonymous_4)
FN:179,(anonymous_5)
FN:190,(anonymous_6)
FN:226,(anonymous_7)
FN:293,(anonymous_8)
FNF:9
FNH:0
FNDA:0,(anonymous_0)
FNDA:0,(anonymous_1)
FNDA:0,(anonymous_2)
FNDA:0,(anonymous_3)
FNDA:0,(anonymous_4)
FNDA:0,(anonymous_5)
FNDA:0,(anonymous_6)
FNDA:0,(anonymous_7)
FNDA:0,(anonymous_8)
DA:41,0
DA:49,0
DA:51,0
DA:52,0
DA:60,0
DA:61,0
DA:68,0
DA:69,0
DA:73,0
DA:74,0
DA:75,0
DA:78,0
DA:104,0
DA:119,0
DA:121,0
DA:127,0
DA:129,0
DA:130,0
DA:137,0
DA:138,0
DA:144,0
DA:152,0
DA:153,0
DA:154,0
DA:155,0
DA:156,0
DA:159,0
DA:160,0
DA:164,0
DA:166,0
DA:167,0
DA:168,0
DA:169,0
DA:174,0
DA:178,0
DA:179,0
DA:184,0
DA:190,0
DA:192,0
DA:193,0
DA:194,0
DA:196,0
DA:197,0
DA:199,0
DA:201,0
DA:203,0
DA:211,0
DA:213,0
DA:214,0
DA:226,0
DA:227,0
DA:228,0
DA:230,0
DA:231,0
DA:232,0
DA:234,0
DA:235,0
DA:236,0
DA:237,0
DA:242,0
DA:243,0
DA:245,0
DA:246,0
DA:247,0
DA:248,0
DA:250,0
DA:255,0
DA:256,0
DA:263,0
DA:265,0
DA:271,0
DA:272,0
DA:273,0
DA:278,0
DA:279,0
DA:285,0
DA:293,0
DA:294,0
DA:296,0
DA:297,0
DA:298,0
DA:300,0
DA:306,0
DA:307,0
DA:308,0
DA:315,0
DA:321,0
DA:323,0
DA:329,0
DA:330,0
DA:331,0
DA:337,0
LF:92
LH:0
BRDA:51,0,0,0
BRDA:51,0,1,0
BRDA:60,1,0,0
BRDA:60,1,1,0
BRDA:69,2,0,0
BRDA:69,2,1,0
BRDA:129,3,0,0
BRDA:129,3,1,0
BRDA:156,4,0,0
BRDA:156,4,1,0
BRDA:164,5,0,0
BRDA:164,5,1,0
BRDA:166,6,0,0
BRDA:166,6,1,0
BRDA:166,7,0,0
BRDA:166,7,1,0
BRDA:184,8,0,0
BRDA:184,8,1,0
BRDA:193,9,0,0
BRDA:193,9,1,0
BRDA:194,10,0,0
BRDA:194,10,1,0
BRDA:197,11,0,0
BRDA:197,11,1,0
BRDA:201,12,0,0
BRDA:201,12,1,0
BRDA:235,13,0,0
BRDA:235,13,1,0
BRDA:243,14,0,0
BRDA:243,14,1,0
BRDA:245,15,0,0
BRDA:245,15,1,0
BRDA:246,16,0,0
BRDA:246,16,1,0
BRDA:247,17,0,0
BRDA:247,17,1,0
BRDA:248,18,0,0
BRDA:248,18,1,0
BRDA:255,19,0,0
BRDA:255,19,1,0
BRDA:272,20,0,0
BRDA:272,20,1,0
BRDA:306,21,0,0
BRDA:306,21,1,0
BRF:44
BRH:0
end_of_record
TN:
SF:src\modules\banks\bank.domain.js
FN:56,requireSession
FN:65,findActiveBankAccount
FN:98,applyPaymentToBank
FN:155,applyDisbursementFromBank
FNF:4
FNH:0
FNDA:0,requireSession
FNDA:0,findActiveBankAccount
FNDA:0,applyPaymentToBank
FNDA:0,applyDisbursementFromBank
DA:57,0
DA:58,0
DA:66,0
DA:67,0
DA:71,0
DA:72,0
DA:73,0
DA:74,0
DA:75,0
DA:105,0
DA:106,0
DA:107,0
DA:109,0
DA:112,0
DA:115,0
DA:117,0
DA:121,0
DA:126,0
DA:127,0
DA:128,0
DA:133,0
DA:136,0
DA:137,0
DA:138,0
DA:161,0
DA:162,0
DA:163,0
DA:165,0
DA:167,0
DA:170,0
DA:172,0
DA:173,0
DA:179,0
DA:180,0
DA:181,0
LF:35
LH:0
BRDA:57,0,0,0
BRDA:57,0,1,0
BRDA:66,1,0,0
BRDA:66,1,1,0
BRDA:72,2,0,0
BRDA:72,2,1,0
BRDA:73,3,0,0
BRDA:73,3,1,0
BRDA:103,4,0,0
BRDA:109,5,0,0
BRDA:109,5,1,0
BRDA:115,6,0,0
BRDA:115,6,1,0
BRDA:126,7,0,0
BRDA:126,7,1,0
BRDA:127,8,0,0
BRDA:127,8,1,0
BRDA:165,9,0,0
BRDA:165,9,1,0
BRDA:165,10,0,0
BRDA:165,10,1,0
BRDA:172,11,0,0
BRDA:172,11,1,0
BRF:23
BRH:0
end_of_record
TN:
SF:src\modules\banks\bank.route.js
FNF:0
FNH:0
DA:10,0
DA:11,0
DA:17,0
DA:23,0
DA:29,0
LF:5
LH:0
BRF:0
BRH:0
end_of_record
TN:
SF:src\modules\blocks\Block.Model.js
FNF:0
FNH:0
DA:3,1
DA:41,1
LF:2
LH:2
BRF:0
BRH:0
end_of_record
TN:
SF:src\modules\blocks\block.controller.js
FN:4,createBlock
FN:5,(anonymous_1)
FNF:2
FNH:0
FNDA:0,createBlock
FNDA:0,(anonymous_1)
DA:5,0
DA:6,0
DA:7,0
DA:8,0
DA:9,0
DA:10,0
DA:14,0
DA:15,0
LF:8
LH:0
BRF:0
BRH:0
end_of_record
TN:
SF:src\modules\blocks\blocks.controller.js
FN:5,getAllBlocksWithStats
FN:52,(anonymous_1)
FN:53,(anonymous_2)
FN:55,(anonymous_3)
FNF:4
FNH:0
FNDA:0,getAllBlocksWithStats
FNDA:0,(anonymous_1)
FNDA:0,(anonymous_2)
FNDA:0,(anonymous_3)
DA:6,0
DA:7,0
DA:52,0
DA:53,0
DA:55,0
DA:56,0
DA:57,0
DA:58,0
DA:60,0
DA:72,0
DA:75,0
DA:76,0
LF:12
LH:0
BRDA:62,0,0,0
BRDA:62,0,1,0
BRDA:63,1,0,0
BRDA:63,1,1,0
BRDA:64,2,0,0
BRDA:64,2,1,0
BRDA:65,3,0,0
BRDA:65,3,1,0
BRDA:66,4,0,0
BRDA:66,4,1,0
BRDA:67,5,0,0
BRDA:67,5,1,0
BRF:12
BRH:0
end_of_record
TN:
SF:src\modules\blocks\blocks.route.js
FNF:0
FNH:0
DA:6,0
DA:8,0
LF:2
LH:0
BRF:0
BRH:0
end_of_record
TN:
SF:src\modules\blocks\innerBlocks\InnerBlock.Model.js
FNF:0
FNH:0
DA:2,0
LF:1
LH:0
BRF:0
BRH:0
end_of_record
TN:
SF:src\modules\blocks\innerBlocks\innerBlock.controller.js
FN:3,createInnerBlock
FNF:1
FNH:0
FNDA:0,createInnerBlock
DA:4,0
DA:5,0
DA:6,0
DA:7,0
DA:8,0
DA:9,0
DA:11,0
DA:13,0
DA:14,0
LF:9
LH:0
BRF:0
BRH:0
end_of_record
TN:
SF:src\modules\broadcasts\broadcast.controller.js
FN:12,(anonymous_0)
FN:72,(anonymous_1)
FN:93,(anonymous_2)
FNF:3
FNH:0
FNDA:0,(anonymous_0)
FNDA:0,(anonymous_1)
FNDA:0,(anonymous_2)
DA:12,0
DA:13,0
DA:14,0
DA:17,0
DA:18,0
DA:25,0
DA:26,0
DA:32,0
DA:33,0
DA:39,0
DA:45,0
DA:46,0
DA:54,0
DA:56,0
DA:57,0
DA:72,0
DA:73,0
DA:74,0
DA:76,0
DA:78,0
DA:80,0
DA:81,0
DA:93,0
DA:94,0
DA:95,0
DA:143,0
DA:185,0
DA:186,0
LF:28
LH:0
BRDA:14,0,0,0
BRDA:17,1,0,0
BRDA:17,1,1,0
BRDA:17,2,0,0
BRDA:17,2,1,0
BRDA:25,3,0,0
BRDA:25,3,1,0
BRDA:32,4,0,0
BRDA:32,4,1,0
BRDA:45,5,0,0
BRDA:45,5,1,0
BRDA:74,6,0,0
BRF:12
BRH:0
end_of_record
TN:
SF:src\modules\broadcasts\broadcast.route.js
FNF:0
FNH:0
DA:8,0
DA:11,0
DA:14,0
DA:17,0
LF:4
LH:0
BRF:0
BRH:0
end_of_record
TN:
SF:src\modules\broadcasts\broadcast.service.js
FN:12,(anonymous_0)
FN:72,(anonymous_1)
FN:137,(anonymous_2)
FN:148,(anonymous_3)
FN:153,(anonymous_4)
FN:169,(anonymous_5)
FN:205,(anonymous_6)
FN:206,(anonymous_7)
FN:213,(anonymous_8)
FN:221,(anonymous_9)
FN:223,(anonymous_10)
FNF:11
FNH:0
FNDA:0,(anonymous_0)
FNDA:0,(anonymous_1)
FNDA:0,(anonymous_2)
FNDA:0,(anonymous_3)
FNDA:0,(anonymous_4)
FNDA:0,(anonymous_5)
FNDA:0,(anonymous_6)
FNDA:0,(anonymous_7)
FNDA:0,(anonymous_8)
FNDA:0,(anonymous_9)
FNDA:0,(anonymous_10)
DA:13,0
DA:15,0
DA:18,0
DA:19,0
DA:22,0
DA:23,0
DA:26,0
DA:27,0
DA:30,0
DA:31,0
DA:35,0
DA:36,0
DA:40,0
DA:41,0
DA:45,0
DA:52,0
DA:53,0
DA:62,0
DA:63,0
DA:66,0
DA:72,0
DA:73,0
DA:74,0
DA:79,0
DA:82,0
DA:84,0
DA:89,0
DA:95,0
DA:101,0
DA:102,0
DA:111,0
DA:113,0
DA:126,0
DA:127,0
DA:138,0
DA:141,0
DA:148,0
DA:153,0
DA:154,0
DA:155,0
DA:161,0
DA:170,0
DA:171,0
DA:173,0
DA:174,0
DA:177,0
DA:178,0
DA:181,0
DA:182,0
DA:185,0
DA:186,0
DA:189,0
DA:190,0
DA:193,0
DA:194,0
DA:197,0
DA:205,0
DA:206,0
DA:208,0
DA:213,0
DA:221,0
DA:223,0
DA:229,0
DA:230,0
DA:235,0
LF:65
LH:0
BRDA:12,0,0,0
BRDA:12,1,0,0
BRDA:18,2,0,0
BRDA:18,2,1,0
BRDA:22,3,0,0
BRDA:22,3,1,0
BRDA:26,4,0,0
BRDA:26,4,1,0
BRDA:30,5,0,0
BRDA:30,5,1,0
BRDA:35,6,0,0
BRDA:35,6,1,0
BRDA:35,7,0,0
BRDA:35,7,1,0
BRDA:40,8,0,0
BRDA:40,8,1,0
BRDA:52,9,0,0
BRDA:52,9,1,0
BRDA:62,10,0,0
BRDA:62,10,1,0
BRDA:62,11,0,0
BRDA:62,11,1,0
BRDA:73,12,0,0
BRDA:73,12,1,0
BRDA:142,13,0,0
BRDA:142,13,1,0
BRDA:143,14,0,0
BRDA:143,14,1,0
BRDA:144,15,0,0
BRDA:144,15,1,0
BRDA:145,16,0,0
BRDA:145,16,1,0
BRDA:146,17,0,0
BRDA:146,17,1,0
BRDA:147,18,0,0
BRDA:147,18,1,0
BRDA:148,19,0,0
BRDA:148,19,1,0
BRDA:149,20,0,0
BRDA:149,20,1,0
BRDA:150,21,0,0
BRDA:150,21,1,0
BRDA:169,22,0,0
BRDA:173,23,0,0
BRDA:173,23,1,0
BRDA:177,24,0,0
BRDA:177,24,1,0
BRDA:181,25,0,0
BRDA:181,25,1,0
BRDA:185,26,0,0
BRDA:185,26,1,0
BRDA:189,27,0,0
BRDA:189,27,1,0
BRDA:189,28,0,0
BRDA:189,28,1,0
BRDA:193,29,0,0
BRDA:193,29,1,0
BRF:57
BRH:0
end_of_record
TN:
SF:src\modules\cam\cam.controller.js
FN:3,(anonymous_0)
FN:13,(anonymous_1)
FNF:2
FNH:0
FNDA:0,(anonymous_0)
FNDA:0,(anonymous_1)
DA:3,0
DA:4,0
DA:5,0
DA:6,0
DA:8,0
DA:9,0
DA:13,0
DA:14,0
DA:15,0
DA:16,0
DA:17,0
DA:18,0
DA:19,0
DA:20,0
DA:22,0
DA:23,0
LF:16
LH:0
BRDA:17,0,0,0
BRDA:17,0,1,0
BRDA:18,1,0,0
BRDA:18,1,1,0
BRF:4
BRH:0
end_of_record
TN:
SF:src\modules\cam\cam.domain.js
FN:14,applyPaymentToCam
FNF:1
FNH:0
FNDA:0,applyPaymentToCam
DA:16,0
DA:17,0
DA:21,0
DA:22,0
DA:23,0
DA:29,0
DA:30,0
DA:31,0
DA:32,0
DA:33,0
DA:35,0
LF:11
LH:0
BRDA:16,0,0,0
BRDA:16,0,1,0
BRDA:24,1,0,0
BRDA:24,1,1,0
BRDA:24,2,0,0
BRDA:24,2,1,0
BRDA:30,3,0,0
BRDA:30,3,1,0
BRDA:32,4,0,0
BRDA:32,4,1,0
BRF:10
BRH:0
end_of_record
TN:
SF:src\modules\cam\cam.model.js
FN:67,(anonymous_0)
FN:71,(anonymous_1)
FNF:2
FNH:0
FNDA:0,(anonymous_0)
FNDA:0,(anonymous_1)
DA:3,1
DA:65,1
DA:67,1
DA:68,0
DA:71,1
DA:73,0
DA:74,0
DA:78,0
DA:79,0
DA:85,0
DA:86,0
DA:90,0
DA:91,0
DA:92,0
DA:93,0
DA:95,0
DA:99,1
LF:17
LH:5
BRDA:73,0,0,0
BRDA:73,0,1,0
BRDA:78,1,0,0
BRDA:78,1,1,0
BRDA:85,2,0,0
BRDA:85,2,1,0
BRDA:90,3,0,0
BRDA:90,3,1,0
BRDA:92,4,0,0
BRDA:92,4,1,0
BRF:10
BRH:0
end_of_record
TN:
SF:src\modules\cam\cam.route.js
FNF:0
FNH:0
DA:5,0
DA:7,0
DA:8,0
LF:3
LH:0
BRF:0
BRH:0
end_of_record
TN:
SF:src\modules\cam\cam.service.js
FN:32,createCam
FN:71,(anonymous_1)
FN:113,(anonymous_2)
FN:117,(anonymous_3)
FN:131,(anonymous_4)
FN:135,(anonymous_5)
FN:204,(anonymous_6)
FN:216,(anonymous_7)
FNF:8
FNH:0
FNDA:0,createCam
FNDA:0,(anonymous_1)
FNDA:0,(anonymous_2)
FNDA:0,(anonymous_3)
FNDA:0,(anonymous_4)
FNDA:0,(anonymous_5)
FNDA:0,(anonymous_6)
FNDA:0,(anonymous_7)
DA:26,1
DA:33,0
DA:34,0
DA:35,0
DA:37,0
DA:38,0
DA:43,0
DA:45,0
DA:51,0
DA:57,0
DA:58,0
DA:71,1
DA:72,0
DA:81,0
DA:83,0
DA:85,0
DA:99,0
DA:102,0
DA:103,0
DA:104,0
DA:108,0
DA:112,0
DA:113,0
DA:116,0
DA:117,0
DA:120,0
DA:121,0
DA:130,0
DA:131,0
DA:135,0
DA:137,0
DA:139,0
DA:159,0
DA:160,0
DA:169,0
DA:172,0
DA:173,0
DA:175,0
DA:176,0
DA:177,0
DA:179,0
DA:186,0
DA:188,0
DA:195,0
DA:196,0
DA:204,1
DA:205,0
DA:206,0
DA:207,0
DA:209,0
DA:216,0
DA:230,0
LF:52
LH:3
BRDA:32,0,0,0
BRDA:34,1,0,0
BRDA:34,1,1,0
BRDA:34,2,0,0
BRDA:34,2,1,0
BRDA:37,3,0,0
BRDA:37,3,1,0
BRDA:38,4,0,0
BRDA:38,4,1,0
BRDA:43,5,0,0
BRDA:43,5,1,0
BRDA:72,6,0,0
BRDA:72,6,1,0
BRDA:103,7,0,0
BRDA:103,7,1,0
BRDA:120,8,0,0
BRDA:120,8,1,0
BRDA:137,9,0,0
BRDA:137,9,1,0
BRDA:137,10,0,0
BRDA:137,10,1,0
BRDA:159,11,0,0
BRDA:159,11,1,0
BRDA:173,12,0,0
BRDA:173,12,1,0
BRDA:204,13,0,0
BRDA:206,14,0,0
BRDA:206,14,1,0
BRDA:207,15,0,0
BRDA:207,15,1,0
BRDA:219,16,0,0
BRDA:219,16,1,0
BRDA:219,17,0,0
BRDA:219,17,1,0
BRDA:221,18,0,0
BRDA:221,18,1,0
BRDA:221,19,0,0
BRDA:221,19,1,0
BRDA:224,20,0,0
BRDA:224,20,1,0
BRDA:224,21,0,0
BRDA:224,21,1,0
BRDA:225,22,0,0
BRDA:225,22,1,0
BRDA:225,23,0,0
BRDA:225,23,1,0
BRF:46
BRH:0
end_of_record
TN:
SF:src\modules\dailyChecks\checkListTemplate.js
FN:48,item
FN:52,section
FN:58,buildCctvSections
FN:67,(anonymous_3)
FN:87,buildElectricalSections
FN:98,(anonymous_5)
FN:119,buildSanitarySections
FN:126,(anonymous_7)
FN:148,buildCommonAreaSections
FN:156,(anonymous_9)
FN:177,buildParkingSections
FN:183,(anonymous_11)
FN:200,buildFireSections
FN:209,(anonymous_13)
FN:220,(anonymous_14)
FN:254,buildWaterTankSections
FN:261,(anonymous_16)
FN:334,(anonymous_17)
FN:347,(anonymous_18)
FN:375,buildChecklistSections
FNF:20
FNH:0
FNDA:0,item
FNDA:0,section
FNDA:0,buildCctvSections
FNDA:0,(anonymous_3)
FNDA:0,buildElectricalSections
FNDA:0,(anonymous_5)
FNDA:0,buildSanitarySections
FNDA:0,(anonymous_7)
FNDA:0,buildCommonAreaSections
FNDA:0,(anonymous_9)
FNDA:0,buildParkingSections
FNDA:0,(anonymous_11)
FNDA:0,buildFireSections
FNDA:0,(anonymous_13)
FNDA:0,(anonymous_14)
FNDA:0,buildWaterTankSections
FNDA:0,(anonymous_16)
FNDA:0,(anonymous_17)
FNDA:0,(anonymous_18)
FNDA:0,buildChecklistSections
DA:49,0
DA:53,0
DA:59,0
DA:67,0
DA:68,0
DA:70,0
DA:79,0
DA:88,0
DA:98,0
DA:99,0
DA:102,0
DA:111,0
DA:120,0
DA:126,0
DA:127,0
DA:130,0
DA:140,0
DA:149,0
DA:156,0
DA:157,0
DA:160,0
DA:169,0
DA:178,0
DA:183,0
DA:184,0
DA:201,0
DA:209,0
DA:210,0
DA:213,0
DA:220,0
DA:221,0
DA:224,0
DA:237,0
DA:255,0
DA:258,0
DA:261,0
DA:262,0
DA:268,0
DA:269,0
DA:275,0
DA:277,0
DA:282,0
DA:286,0
DA:292,0
DA:297,0
DA:298,0
DA:302,0
DA:308,0
DA:309,0
DA:314,0
DA:318,0
DA:322,0
DA:329,0
DA:332,0
DA:333,0
DA:334,0
DA:342,0
DA:347,0
DA:348,0
DA:350,0
DA:356,0
DA:357,0
DA:369,0
DA:380,0
DA:382,0
DA:384,0
DA:386,0
DA:388,0
DA:390,0
DA:392,0
DA:394,0
DA:396,0
LF:72
LH:0
BRDA:48,0,0,0
BRDA:58,1,0,0
BRDA:59,2,0,0
BRDA:59,2,1,0
BRDA:87,3,0,0
BRDA:88,4,0,0
BRDA:88,4,1,0
BRDA:119,5,0,0
BRDA:120,6,0,0
BRDA:120,6,1,0
BRDA:148,7,0,0
BRDA:149,8,0,0
BRDA:149,8,1,0
BRDA:177,9,0,0
BRDA:178,10,0,0
BRDA:178,10,1,0
BRDA:200,11,0,0
BRDA:201,12,0,0
BRDA:201,12,1,0
BRDA:213,13,0,0
BRDA:213,13,1,0
BRDA:254,14,0,0
BRDA:254,15,0,0
BRDA:258,16,0,0
BRDA:258,16,1,0
BRDA:268,17,0,0
BRDA:268,17,1,0
BRDA:268,18,0,0
BRDA:268,18,1,0
BRDA:282,19,0,0
BRDA:282,19,1,0
BRDA:297,20,0,0
BRDA:297,20,1,0
BRDA:298,21,0,0
BRDA:298,21,1,0
BRDA:308,22,0,0
BRDA:308,22,1,0
BRDA:308,23,0,0
BRDA:308,23,1,0
BRDA:318,24,0,0
BRDA:318,24,1,0
BRDA:332,25,0,0
BRDA:332,25,1,0
BRDA:333,26,0,0
BRDA:333,26,1,0
BRDA:356,27,0,0
BRDA:356,27,1,0
BRDA:356,28,0,0
BRDA:356,28,1,0
BRDA:377,29,0,0
BRDA:378,30,0,0
BRDA:380,31,0,0
BRDA:380,31,1,0
BRDA:380,31,2,0
BRDA:380,31,3,0
BRDA:380,31,4,0
BRDA:380,31,5,0
BRDA:380,31,6,0
BRDA:380,31,7,0
BRF:59
BRH:0
end_of_record
TN:
SF:src\modules\dailyChecks\dailyChecksList.controller.js
FN:11,createChecklistController
FN:23,submitChecklistController
FN:38,getChecklistsController
FN:48,getChecklistByIdController
FN:58,getChecklistSummaryController
FN:78,deleteChecklistController
FNF:6
FNH:0
FNDA:0,createChecklistController
FNDA:0,submitChecklistController
FNDA:0,getChecklistsController
FNDA:0,getChecklistByIdController
FNDA:0,getChecklistSummaryController
FNDA:0,deleteChecklistController
DA:12,0
DA:13,0
DA:14,0
DA:15,0
DA:17,0
DA:24,0
DA:25,0
DA:26,0
DA:27,0
DA:28,0
DA:29,0
DA:31,0
DA:39,0
DA:40,0
DA:41,0
DA:43,0
DA:49,0
DA:50,0
DA:51,0
DA:53,0
DA:59,0
DA:60,0
DA:61,0
DA:62,0
DA:66,0
DA:71,0
DA:73,0
DA:79,0
DA:80,0
DA:81,0
DA:83,0
LF:31
LH:0
BRDA:28,0,0,0
BRDA:28,0,1,0
BRDA:51,1,0,0
BRDA:51,1,1,0
BRDA:61,2,0,0
BRDA:61,2,1,0
BRDA:68,3,0,0
BRDA:68,3,1,0
BRDA:69,4,0,0
BRDA:69,4,1,0
BRDA:81,5,0,0
BRDA:81,5,1,0
BRF:12
BRH:0
end_of_record
TN:
SF:src\modules\dailyChecks\dailyChecksList.model.js
FN:136,(anonymous_0)
FN:142,(anonymous_1)
FNF:2
FNH:0
FNDA:0,(anonymous_0)
FNDA:0,(anonymous_1)
DA:8,0
DA:36,0
DA:47,0
DA:136,0
DA:137,0
DA:138,0
DA:142,0
DA:143,0
DA:144,0
DA:146,0
DA:147,0
DA:148,0
DA:149,0
DA:153,0
DA:154,0
DA:155,0
DA:156,0
DA:160,0
DA:161,0
DA:162,0
DA:163,0
DA:164,0
DA:166,0
LF:23
LH:0
BRDA:137,0,0,0
BRDA:137,0,1,0
BRDA:149,1,0,0
BRDA:149,1,1,0
BRF:4
BRH:0
end_of_record
TN:
SF:src\modules\dailyChecks\dailyChecksList.route.js
FNF:0
FNH:0
DA:12,0
DA:17,0
DA:20,0
DA:23,0
DA:28,0
DA:31,0
DA:34,0
LF:7
LH:0
BRF:0
BRH:0
end_of_record
TN:
SF:src\modules\dailyChecks\dailyChecksList.service.js
FN:10,_notifyIssues
FN:23,(anonymous_1)
FN:45,createChecklist
FN:112,submitChecklist
FN:125,(anonymous_4)
FN:201,_inferPriority
FN:209,(anonymous_6)
FN:210,(anonymous_7)
FN:217,getChecklists
FN:272,getChecklistById
FN:288,getChecklistSummary
FN:326,deleteChecklist
FNF:12
FNH:0
FNDA:0,_notifyIssues
FNDA:0,(anonymous_1)
FNDA:0,createChecklist
FNDA:0,submitChecklist
FNDA:0,(anonymous_4)
FNDA:0,_inferPriority
FNDA:0,(anonymous_6)
FNDA:0,(anonymous_7)
FNDA:0,getChecklists
FNDA:0,getChecklistById
FNDA:0,getChecklistSummary
FNDA:0,deleteChecklist
DA:11,0
DA:13,0
DA:24,0
DA:57,0
DA:60,0
DA:61,0
DA:62,0
DA:63,0
DA:64,0
DA:65,0
DA:68,0
DA:74,0
DA:90,0
DA:113,0
DA:117,0
DA:118,0
DA:122,0
DA:123,0
DA:124,0
DA:125,0
DA:127,0
DA:129,0
DA:130,0
DA:131,0
DA:132,0
DA:133,0
DA:138,0
DA:139,0
DA:142,0
DA:143,0
DA:144,0
DA:145,0
DA:148,0
DA:149,0
DA:150,0
DA:153,0
DA:156,0
DA:157,0
DA:158,0
DA:159,0
DA:160,0
DA:162,0
DA:178,0
DA:179,0
DA:184,0
DA:185,0
DA:188,0
DA:191,0
DA:202,0
DA:208,0
DA:209,0
DA:210,0
DA:211,0
DA:212,0
DA:231,0
DA:233,0
DA:234,0
DA:235,0
DA:236,0
DA:237,0
DA:238,0
DA:239,0
DA:240,0
DA:241,0
DA:243,0
DA:244,0
DA:245,0
DA:246,0
DA:249,0
DA:250,0
DA:262,0
DA:273,0
DA:280,0
DA:281,0
DA:283,0
DA:289,0
DA:290,0
DA:291,0
DA:293,0
DA:317,0
DA:327,0
DA:328,0
DA:329,0
DA:331,0
LF:84
LH:0
BRDA:11,0,0,0
BRDA:11,0,1,0
BRDA:16,1,0,0
BRDA:16,1,1,0
BRDA:50,2,0,0
BRDA:55,3,0,0
BRDA:56,4,0,0
BRDA:62,5,0,0
BRDA:62,5,1,0
BRDA:62,6,0,0
BRDA:62,6,1,0
BRDA:62,6,2,0
BRDA:64,7,0,0
BRDA:64,7,1,0
BRDA:65,8,0,0
BRDA:65,8,1,0
BRDA:76,9,0,0
BRDA:76,9,1,0
BRDA:80,10,0,0
BRDA:80,10,1,0
BRDA:81,11,0,0
BRDA:81,11,1,0
BRDA:82,12,0,0
BRDA:82,12,1,0
BRDA:117,13,0,0
BRDA:117,13,1,0
BRDA:122,14,0,0
BRDA:122,14,1,0
BRDA:127,15,0,0
BRDA:127,15,1,0
BRDA:129,16,0,0
BRDA:129,16,1,0
BRDA:131,17,0,0
BRDA:131,17,1,0
BRDA:132,18,0,0
BRDA:132,18,1,0
BRDA:133,19,0,0
BRDA:133,19,1,0
BRDA:138,20,0,0
BRDA:138,20,1,0
BRDA:142,21,0,0
BRDA:142,21,1,0
BRDA:148,22,0,0
BRDA:148,22,1,0
BRDA:149,23,0,0
BRDA:149,23,1,0
BRDA:150,24,0,0
BRDA:150,24,1,0
BRDA:157,25,0,0
BRDA:157,25,1,0
BRDA:160,26,0,0
BRDA:160,26,1,0
BRDA:160,27,0,0
BRDA:160,27,1,0
BRDA:165,28,0,0
BRDA:165,28,1,0
BRDA:167,29,0,0
BRDA:167,29,1,0
BRDA:168,30,0,0
BRDA:168,30,1,0
BRDA:174,31,0,0
BRDA:174,31,1,0
BRDA:175,32,0,0
BRDA:175,32,1,0
BRDA:184,33,0,0
BRDA:184,33,1,0
BRDA:209,34,0,0
BRDA:209,34,1,0
BRDA:210,35,0,0
BRDA:210,35,1,0
BRDA:211,36,0,0
BRDA:211,36,1,0
BRDA:217,37,0,0
BRDA:229,38,0,0
BRDA:230,39,0,0
BRDA:234,40,0,0
BRDA:234,40,1,0
BRDA:235,41,0,0
BRDA:235,41,1,0
BRDA:236,42,0,0
BRDA:236,42,1,0
BRDA:237,43,0,0
BRDA:237,43,1,0
BRDA:238,44,0,0
BRDA:238,44,1,0
BRDA:239,45,0,0
BRDA:239,45,1,0
BRDA:240,46,0,0
BRDA:240,46,1,0
BRDA:241,47,0,0
BRDA:241,47,1,0
BRDA:243,48,0,0
BRDA:243,48,1,0
BRDA:243,49,0,0
BRDA:243,49,1,0
BRDA:245,50,0,0
BRDA:245,50,1,0
BRDA:246,51,0,0
BRDA:246,51,1,0
BRDA:280,52,0,0
BRDA:280,52,1,0
BRDA:290,53,0,0
BRDA:290,53,1,0
BRDA:291,54,0,0
BRDA:291,54,1,0
BRDA:328,55,0,0
BRDA:328,55,1,0
BRF:107
BRH:0
end_of_record
TN:
SF:src\modules\dashboards\dashboard.route.js
FNF:0
FNH:0
DA:6,0
DA:11,0
DA:17,0
DA:24,0
LF:4
LH:0
BRF:0
BRH:0
end_of_record
TN:
SF:src\modules\dashboards\dashboard.service.js
FN:35,(anonymous_0)
FN:47,buildQuarterly
FN:48,(anonymous_2)
FN:49,(anonymous_3)
FN:50,(anonymous_4)
FN:60,(anonymous_5)
FN:84,buildBuildingPerformance
FN:151,(anonymous_7)
FN:152,(anonymous_8)
FN:153,(anonymous_9)
FN:155,(anonymous_10)
FN:197,getDashboardStatsData
FN:428,(anonymous_12)
FN:429,(anonymous_13)
FN:432,(anonymous_14)
FN:449,(anonymous_15)
FN:866,(anonymous_16)
FN:1059,(anonymous_17)
FN:1066,(anonymous_18)
FN:1089,(anonymous_19)
FN:1136,getDashboardStats
FN:1158,getUpcomingRents
FN:1203,getQuarterlyStats
FN:1221,(anonymous_23)
FN:1222,(anonymous_24)
FN:1225,(anonymous_25)
FNF:26
FNH:0
FNDA:0,(anonymous_0)
FNDA:0,buildQuarterly
FNDA:0,(anonymous_2)
FNDA:0,(anonymous_3)
FNDA:0,(anonymous_4)
FNDA:0,(anonymous_5)
FNDA:0,buildBuildingPerformance
FNDA:0,(anonymous_7)
FNDA:0,(anonymous_8)
FNDA:0,(anonymous_9)
FNDA:0,(anonymous_10)
FNDA:0,getDashboardStatsData
FNDA:0,(anonymous_12)
FNDA:0,(anonymous_13)
FNDA:0,(anonymous_14)
FNDA:0,(anonymous_15)
FNDA:0,(anonymous_16)
FNDA:0,(anonymous_17)
FNDA:0,(anonymous_18)
FNDA:0,(anonymous_19)
FNDA:0,getDashboardStats
FNDA:0,getUpcomingRents
FNDA:0,getQuarterlyStats
FNDA:0,(anonymous_23)
FNDA:0,(anonymous_24)
FNDA:0,(anonymous_25)
DA:35,0
DA:48,0
DA:49,0
DA:50,0
DA:51,0
DA:57,0
DA:60,0
DA:85,0
DA:151,0
DA:152,0
DA:153,0
DA:155,0
DA:156,0
DA:158,0
DA:159,0
DA:160,0
DA:163,0
DA:166,0
DA:170,0
DA:217,0
DA:229,0
DA:245,0
DA:261,0
DA:418,0
DA:419,0
DA:420,0
DA:421,0
DA:422,0
DA:428,0
DA:429,0
DA:430,0
DA:431,0
DA:432,0
DA:434,0
DA:441,0
DA:442,0
DA:446,0
DA:447,0
DA:449,0
DA:473,0
DA:529,0
DA:530,0
DA:532,0
DA:533,0
DA:534,0
DA:536,0
DA:537,0
DA:538,0
DA:539,0
DA:543,0
DA:646,0
DA:647,0
DA:649,0
DA:683,0
DA:685,0
DA:786,0
DA:787,0
DA:790,0
DA:840,0
DA:859,0
DA:866,0
DA:867,0
DA:871,0
DA:885,0
DA:1059,0
DA:1066,0
DA:1090,0
DA:1091,0
DA:1092,0
DA:1093,0
DA:1137,0
DA:1138,0
DA:1139,0
DA:1141,0
DA:1142,0
DA:1159,0
DA:1160,0
DA:1161,0
DA:1163,0
DA:1168,0
DA:1169,0
DA:1171,0
DA:1177,0
DA:1187,0
DA:1188,0
DA:1204,0
DA:1206,0
DA:1209,0
DA:1221,0
DA:1222,0
DA:1223,0
DA:1224,0
DA:1225,0
DA:1227,0
DA:1234,0
DA:1251,0
DA:1252,0
LF:97
LH:0
BRDA:53,0,0,0
BRDA:53,0,1,0
BRDA:54,1,0,0
BRDA:54,1,1,0
BRDA:158,2,0,0
BRDA:158,2,1,0
BRDA:159,3,0,0
BRDA:159,3,1,0
BRDA:163,4,0,0
BRDA:163,4,1,0
BRDA:166,5,0,0
BRDA:166,5,1,0
BRDA:190,6,0,0
BRDA:190,6,1,0
BRDA:245,7,0,0
BRDA:245,7,1,0
BRDA:418,8,0,0
BRDA:418,8,1,0
BRDA:419,9,0,0
BRDA:419,9,1,0
BRDA:420,10,0,0
BRDA:420,10,1,0
BRDA:421,11,0,0
BRDA:421,11,1,0
BRDA:422,12,0,0
BRDA:422,12,1,0
BRDA:432,13,0,0
BRDA:432,13,1,0
BRDA:437,14,0,0
BRDA:437,14,1,0
BRDA:529,15,0,0
BRDA:529,15,1,0
BRDA:530,16,0,0
BRDA:530,16,1,0
BRDA:532,17,0,0
BRDA:532,17,1,0
BRDA:533,18,0,0
BRDA:533,18,1,0
BRDA:534,19,0,0
BRDA:534,19,1,0
BRDA:536,20,0,0
BRDA:536,20,1,0
BRDA:537,21,0,0
BRDA:537,21,1,0
BRDA:538,22,0,0
BRDA:538,22,1,0
BRDA:539,23,0,0
BRDA:539,23,1,0
BRDA:646,24,0,0
BRDA:646,24,1,0
BRDA:647,25,0,0
BRDA:647,25,1,0
BRDA:867,26,0,0
BRDA:867,26,1,0
BRDA:869,27,0,0
BRDA:869,27,1,0
BRDA:872,28,0,0
BRDA:872,28,1,0
BRDA:875,29,0,0
BRDA:875,29,1,0
BRDA:876,30,0,0
BRDA:876,30,1,0
BRDA:877,31,0,0
BRDA:877,31,1,0
BRDA:921,32,0,0
BRDA:921,32,1,0
BRDA:922,33,0,0
BRDA:922,33,1,0
BRDA:923,34,0,0
BRDA:923,34,1,0
BRDA:924,35,0,0
BRDA:924,35,1,0
BRDA:925,36,0,0
BRDA:925,36,1,0
BRDA:926,37,0,0
BRDA:926,37,1,0
BRDA:936,38,0,0
BRDA:936,38,1,0
BRDA:937,39,0,0
BRDA:937,39,1,0
BRDA:940,40,0,0
BRDA:940,40,1,0
BRDA:941,41,0,0
BRDA:941,41,1,0
BRDA:944,42,0,0
BRDA:944,42,1,0
BRDA:945,43,0,0
BRDA:945,43,1,0
BRDA:948,44,0,0
BRDA:948,44,1,0
BRDA:949,45,0,0
BRDA:949,45,1,0
BRDA:953,46,0,0
BRDA:953,46,1,0
BRDA:953,47,0,0
BRDA:953,47,1,0
BRDA:955,48,0,0
BRDA:955,48,1,0
BRDA:956,49,0,0
BRDA:956,49,1,0
BRDA:959,50,0,0
BRDA:959,50,1,0
BRDA:960,51,0,0
BRDA:960,51,1,0
BRDA:961,52,0,0
BRDA:961,52,1,0
BRDA:962,53,0,0
BRDA:962,53,1,0
BRDA:965,54,0,0
BRDA:965,54,1,0
BRDA:966,55,0,0
BRDA:966,55,1,0
BRDA:970,56,0,0
BRDA:970,56,1,0
BRDA:971,57,0,0
BRDA:971,57,1,0
BRDA:973,58,0,0
BRDA:973,58,1,0
BRDA:974,59,0,0
BRDA:974,59,1,0
BRDA:978,60,0,0
BRDA:978,60,1,0
BRDA:979,61,0,0
BRDA:979,61,1,0
BRDA:982,62,0,0
BRDA:982,62,1,0
BRDA:983,63,0,0
BRDA:983,63,1,0
BRDA:986,64,0,0
BRDA:986,64,1,0
BRDA:987,65,0,0
BRDA:987,65,1,0
BRDA:992,66,0,0
BRDA:992,66,1,0
BRDA:993,67,0,0
BRDA:993,67,1,0
BRDA:994,68,0,0
BRDA:994,68,1,0
BRDA:995,69,0,0
BRDA:995,69,1,0
BRDA:999,70,0,0
BRDA:999,70,1,0
BRDA:999,71,0,0
BRDA:999,71,1,0
BRDA:999,72,0,0
BRDA:999,72,1,0
BRDA:1004,73,0,0
BRDA:1004,73,1,0
BRDA:1005,74,0,0
BRDA:1005,74,1,0
BRDA:1006,75,0,0
BRDA:1006,75,1,0
BRDA:1007,76,0,0
BRDA:1007,76,1,0
BRDA:1017,77,0,0
BRDA:1017,77,1,0
BRDA:1018,78,0,0
BRDA:1018,78,1,0
BRDA:1019,79,0,0
BRDA:1019,79,1,0
BRDA:1021,80,0,0
BRDA:1021,80,1,0
BRDA:1022,81,0,0
BRDA:1022,81,1,0
BRDA:1023,82,0,0
BRDA:1023,82,1,0
BRDA:1026,83,0,0
BRDA:1026,83,1,0
BRDA:1027,84,0,0
BRDA:1027,84,1,0
BRDA:1029,85,0,0
BRDA:1029,85,1,0
BRDA:1030,86,0,0
BRDA:1030,86,1,0
BRDA:1032,87,0,0
BRDA:1032,87,1,0
BRDA:1033,88,0,0
BRDA:1033,88,1,0
BRDA:1035,89,0,0
BRDA:1035,89,1,0
BRDA:1036,90,0,0
BRDA:1036,90,1,0
BRDA:1037,91,0,0
BRDA:1037,91,1,0
BRDA:1038,92,0,0
BRDA:1038,92,1,0
BRDA:1039,93,0,0
BRDA:1039,93,1,0
BRDA:1040,94,0,0
BRDA:1040,94,1,0
BRDA:1042,95,0,0
BRDA:1042,95,1,0
BRDA:1043,96,0,0
BRDA:1043,96,1,0
BRDA:1046,97,0,0
BRDA:1046,97,1,0
BRDA:1047,98,0,0
BRDA:1047,98,1,0
BRDA:1050,99,0,0
BRDA:1050,99,1,0
BRDA:1051,100,0,0
BRDA:1051,100,1,0
BRDA:1057,101,0,0
BRDA:1057,101,1,0
BRDA:1060,102,0,0
BRDA:1060,102,1,0
BRDA:1061,103,0,0
BRDA:1061,103,1,0
BRDA:1062,104,0,0
BRDA:1062,104,1,0
BRDA:1063,105,0,0
BRDA:1063,105,1,0
BRDA:1067,106,0,0
BRDA:1067,106,1,0
BRDA:1068,107,0,0
BRDA:1068,107,1,0
BRDA:1069,108,0,0
BRDA:1069,108,1,0
BRDA:1070,109,0,0
BRDA:1070,109,1,0
BRDA:1090,110,0,0
BRDA:1090,110,1,0
BRDA:1091,111,0,0
BRDA:1091,111,1,0
BRDA:1092,112,0,0
BRDA:1092,112,1,0
BRDA:1097,113,0,0
BRDA:1097,113,1,0
BRDA:1098,114,0,0
BRDA:1098,114,1,0
BRDA:1099,115,0,0
BRDA:1099,115,1,0
BRDA:1160,116,0,0
BRDA:1160,116,1,0
BRDA:1161,117,0,0
BRDA:1161,117,1,0
BRDA:1225,118,0,0
BRDA:1225,118,1,0
BRDA:1230,119,0,0
BRDA:1230,119,1,0
BRF:240
BRH:0
end_of_record
TN:
SF:src\modules\electricity\Electricity.Model.js
FN:228,(anonymous_0)
FN:234,(anonymous_1)
FN:240,(anonymous_2)
FN:246,(anonymous_3)
FN:255,(anonymous_4)
FN:261,(anonymous_5)
FN:267,(anonymous_6)
FN:273,(anonymous_7)
FN:284,(anonymous_8)
FN:288,(anonymous_9)
FN:293,(anonymous_10)
FN:383,(anonymous_11)
FN:401,(anonymous_12)
FNF:13
FNH:0
FNDA:0,(anonymous_0)
FNDA:0,(anonymous_1)
FNDA:0,(anonymous_2)
FNDA:0,(anonymous_3)
FNDA:0,(anonymous_4)
FNDA:0,(anonymous_5)
FNDA:0,(anonymous_6)
FNDA:0,(anonymous_7)
FNDA:0,(anonymous_8)
FNDA:0,(anonymous_9)
FNDA:0,(anonymous_10)
FNDA:0,(anonymous_11)
FNDA:0,(anonymous_12)
DA:22,0
DA:228,0
DA:229,0
DA:234,0
DA:235,0
DA:240,0
DA:241,0
DA:246,0
DA:247,0
DA:248,0
DA:249,0
DA:255,0
DA:256,0
DA:261,0
DA:262,0
DA:267,0
DA:268,0
DA:273,0
DA:274,0
DA:275,0
DA:276,0
DA:280,0
DA:284,0
DA:285,0
DA:288,0
DA:289,0
DA:293,0
DA:295,0
DA:298,0
DA:302,0
DA:303,0
DA:305,0
DA:306,0
DA:311,0
DA:312,0
DA:316,0
DA:317,0
DA:324,0
DA:327,0
DA:328,0
DA:336,0
DA:338,0
DA:339,0
DA:345,0
DA:346,0
DA:351,0
DA:352,0
DA:360,0
DA:361,0
DA:365,0
DA:366,0
DA:367,0
DA:383,0
DA:388,0
DA:389,0
DA:390,0
DA:391,0
DA:401,0
DA:402,0
DA:414,0
DA:430,0
DA:431,0
DA:434,0
DA:437,0
DA:440,0
DA:448,0
DA:456,0
DA:457,0
DA:468,0
DA:481,0
DA:494,0
LF:71
LH:0
BRDA:229,0,0,0
BRDA:229,0,1,0
BRDA:235,1,0,0
BRDA:235,1,1,0
BRDA:241,2,0,0
BRDA:241,2,1,0
BRDA:247,3,0,0
BRDA:247,3,1,0
BRDA:247,4,0,0
BRDA:247,4,1,0
BRDA:256,5,0,0
BRDA:256,5,1,0
BRDA:262,6,0,0
BRDA:262,6,1,0
BRDA:268,7,0,0
BRDA:268,7,1,0
BRDA:274,8,0,0
BRDA:274,8,1,0
BRDA:274,9,0,0
BRDA:274,9,1,0
BRDA:295,10,0,0
BRDA:295,10,1,0
BRDA:298,11,0,0
BRDA:298,11,1,0
BRDA:302,12,0,0
BRDA:302,12,1,0
BRDA:305,13,0,0
BRDA:305,13,1,0
BRDA:316,14,0,0
BRDA:316,14,1,0
BRDA:327,15,0,0
BRDA:327,15,1,0
BRDA:327,16,0,0
BRDA:327,16,1,0
BRDA:338,17,0,0
BRDA:338,17,1,0
BRDA:345,18,0,0
BRDA:345,18,1,0
BRDA:351,19,0,0
BRDA:351,19,1,0
BRDA:360,20,0,0
BRDA:360,20,1,0
BRDA:361,21,0,0
BRDA:361,21,1,0
BRDA:362,22,0,0
BRDA:362,22,1,0
BRDA:366,23,0,0
BRDA:366,23,1,0
BRDA:386,24,0,0
BRDA:388,25,0,0
BRDA:388,25,1,0
BRDA:390,26,0,0
BRDA:390,26,1,0
BRDA:415,27,0,0
BRDA:415,27,1,0
BRF:55
BRH:0
end_of_record
TN:
SF:src\modules\electricity\ElectricityRate.Model.js
FN:31,(anonymous_0)
FN:70,(anonymous_1)
FN:82,(anonymous_2)
FNF:3
FNH:0
FNDA:0,(anonymous_0)
FNDA:0,(anonymous_1)
FNDA:0,(anonymous_2)
DA:14,0
DA:31,0
DA:32,0
DA:35,0
DA:70,0
DA:71,0
DA:82,0
DA:86,0
DA:87,0
DA:88,0
DA:95,0
DA:96,0
DA:100,0
LF:13
LH:0
BRDA:84,0,0,0
BRDA:87,1,0,0
BRDA:87,1,1,0
BRDA:96,2,0,0
BRDA:96,2,1,0
BRF:5
BRH:0
end_of_record
TN:
SF:src\modules\electricity\SubMeter.Model.js
FN:143,(anonymous_0)
FNF:1
FNH:0
FNDA:0,(anonymous_0)
DA:25,0
DA:33,0
DA:143,0
DA:145,0
DA:150,0
DA:154,0
DA:155,0
DA:156,0
DA:159,0
LF:9
LH:0
BRDA:145,0,0,0
BRDA:145,0,1,0
BRF:2
BRH:0
end_of_record
TN:
SF:src\modules\electricity\electricity.controller.js
FN:22,(anonymous_0)
FN:24,(anonymous_1)
FN:59,(anonymous_2)
FN:221,(anonymous_3)
FN:272,(anonymous_4)
FN:276,(anonymous_5)
FN:315,(anonymous_6)
FN:345,(anonymous_7)
FN:431,(anonymous_8)
FN:455,(anonymous_9)
FN:485,(anonymous_10)
FN:549,(anonymous_11)
FNF:12
FNH:0
FNDA:0,(anonymous_0)
FNDA:0,(anonymous_1)
FNDA:0,(anonymous_2)
FNDA:0,(anonymous_3)
FNDA:0,(anonymous_4)
FNDA:0,(anonymous_5)
FNDA:0,(anonymous_6)
FNDA:0,(anonymous_7)
FNDA:0,(anonymous_8)
FNDA:0,(anonymous_9)
FNDA:0,(anonymous_10)
FNDA:0,(anonymous_11)
DA:6,0
DA:22,0
DA:23,0
DA:24,0
DA:30,0
DA:31,0
DA:32,0
DA:34,0
DA:35,0
DA:36,0
DA:37,0
DA:40,0
DA:59,0
DA:60,0
DA:61,0
DA:63,0
DA:82,0
DA:84,0
DA:85,0
DA:86,0
DA:87,0
DA:93,0
DA:94,0
DA:95,0
DA:96,0
DA:102,0
DA:103,0
DA:104,0
DA:105,0
DA:113,0
DA:114,0
DA:115,0
DA:116,0
DA:117,0
DA:124,0
DA:125,0
DA:126,0
DA:127,0
DA:135,0
DA:163,0
DA:164,0
DA:170,0
DA:171,0
DA:173,0
DA:179,0
DA:180,0
DA:181,0
DA:182,0
DA:221,0
DA:222,0
DA:238,0
DA:241,0
DA:242,0
DA:248,0
DA:265,0
DA:268,0
DA:269,0
DA:271,0
DA:272,0
DA:275,0
DA:276,0
DA:280,0
DA:294,0
DA:303,0
DA:304,0
DA:315,0
DA:316,0
DA:317,0
DA:318,0
DA:322,0
DA:323,0
DA:329,0
DA:331,0
DA:332,0
DA:345,0
DA:346,0
DA:347,0
DA:349,0
DA:357,0
DA:359,0
DA:360,0
DA:361,0
DA:362,0
DA:368,0
DA:370,0
DA:371,0
DA:372,0
DA:373,0
DA:375,0
DA:376,0
DA:378,0
DA:379,0
DA:381,0
DA:382,0
DA:388,0
DA:389,0
DA:391,0
DA:392,0
DA:398,0
DA:412,0
DA:413,0
DA:415,0
DA:417,0
DA:418,0
DA:419,0
DA:420,0
DA:431,0
DA:432,0
DA:433,0
DA:434,0
DA:436,0
DA:441,0
DA:443,0
DA:444,0
DA:455,0
DA:456,0
DA:457,0
DA:458,0
DA:460,0
DA:465,0
DA:473,0
DA:474,0
DA:485,0
DA:486,0
DA:487,0
DA:489,0
DA:490,0
DA:491,0
DA:493,0
DA:494,0
DA:496,0
DA:497,0
DA:498,0
DA:499,0
DA:505,0
DA:506,0
DA:507,0
DA:508,0
DA:509,0
DA:514,0
DA:517,0
DA:518,0
DA:519,0
DA:520,0
DA:522,0
DA:523,0
DA:524,0
DA:526,0
DA:532,0
DA:533,0
DA:534,0
DA:535,0
DA:549,0
DA:550,0
DA:551,0
DA:553,0
DA:554,0
DA:560,0
DA:561,0
DA:567,0
DA:573,0
DA:574,0
LF:162
LH:0
BRDA:22,0,0,0
BRDA:32,1,0,0
BRDA:32,1,1,0
BRDA:35,2,0,0
BRDA:35,2,1,0
BRDA:36,3,0,0
BRDA:36,3,1,0
BRDA:65,4,0,0
BRDA:84,5,0,0
BRDA:84,5,1,0
BRDA:93,6,0,0
BRDA:93,6,1,0
BRDA:102,7,0,0
BRDA:102,7,1,0
BRDA:102,8,0,0
BRDA:102,8,1,0
BRDA:102,8,2,0
BRDA:113,9,0,0
BRDA:113,9,1,0
BRDA:114,10,0,0
BRDA:114,10,1,0
BRDA:124,11,0,0
BRDA:124,11,1,0
BRDA:124,12,0,0
BRDA:124,12,1,0
BRDA:138,13,0,0
BRDA:138,13,1,0
BRDA:139,14,0,0
BRDA:139,14,1,0
BRDA:140,15,0,0
BRDA:140,15,1,0
BRDA:141,16,0,0
BRDA:141,16,1,0
BRDA:148,17,0,0
BRDA:148,17,1,0
BRDA:150,18,0,0
BRDA:150,18,1,0
BRDA:163,19,0,0
BRDA:163,19,1,0
BRDA:184,20,0,0
BRDA:184,20,1,0
BRDA:241,21,0,0
BRDA:241,21,1,0
BRDA:241,22,0,0
BRDA:241,22,1,0
BRDA:253,23,0,0
BRDA:253,23,1,0
BRDA:254,24,0,0
BRDA:254,24,1,0
BRDA:255,25,0,0
BRDA:255,25,1,0
BRDA:256,26,0,0
BRDA:256,26,1,0
BRDA:262,27,0,0
BRDA:262,27,1,0
BRDA:265,28,0,0
BRDA:265,28,1,0
BRDA:268,29,0,0
BRDA:268,29,1,0
BRDA:272,30,0,0
BRDA:272,30,1,0
BRDA:276,31,0,0
BRDA:276,31,1,0
BRDA:299,32,0,0
BRDA:299,32,1,0
BRDA:306,33,0,0
BRDA:306,33,1,0
BRDA:322,34,0,0
BRDA:322,34,1,0
BRDA:322,35,0,0
BRDA:322,35,1,0
BRDA:334,36,0,0
BRDA:334,36,1,0
BRDA:359,37,0,0
BRDA:359,37,1,0
BRDA:359,38,0,0
BRDA:359,38,1,0
BRDA:370,39,0,0
BRDA:370,39,1,0
BRDA:376,40,0,0
BRDA:376,40,1,0
BRDA:391,41,0,0
BRDA:391,41,1,0
BRDA:402,42,0,0
BRDA:402,42,1,0
BRDA:404,43,0,0
BRDA:404,43,1,0
BRDA:405,44,0,0
BRDA:405,44,1,0
BRDA:422,45,0,0
BRDA:422,45,1,0
BRDA:438,46,0,0
BRDA:438,46,1,0
BRDA:446,47,0,0
BRDA:446,47,1,0
BRDA:462,48,0,0
BRDA:462,48,1,0
BRDA:476,49,0,0
BRDA:476,49,1,0
BRDA:496,50,0,0
BRDA:496,50,1,0
BRDA:505,51,0,0
BRDA:505,51,1,0
BRDA:506,52,0,0
BRDA:506,52,1,0
BRDA:517,53,0,0
BRDA:517,53,1,0
BRDA:519,54,0,0
BRDA:519,54,1,0
BRDA:520,55,0,0
BRDA:520,55,1,0
BRDA:537,56,0,0
BRDA:537,56,1,0
BRDA:560,57,0,0
BRDA:560,57,1,0
BRDA:576,58,0,0
BRDA:576,58,1,0
BRF:117
BRH:0
end_of_record
TN:
SF:src\modules\electricity\electricity.rate.controller.js
FN:14,(anonymous_0)
FN:40,(anonymous_1)
FNF:2
FNH:0
FNDA:0,(anonymous_0)
FNDA:0,(anonymous_1)
DA:14,0
DA:15,0
DA:16,0
DA:17,0
DA:18,0
DA:20,0
DA:21,0
DA:40,0
DA:41,0
DA:42,0
DA:43,0
DA:45,0
DA:50,0
DA:57,0
DA:65,0
DA:71,0
DA:72,0
LF:17
LH:0
BRDA:45,0,0,0
BRDA:45,0,1,0
BRDA:46,1,0,0
BRDA:46,1,1,0
BRDA:46,1,2,0
BRDA:61,2,0,0
BRDA:61,2,1,0
BRDA:62,3,0,0
BRDA:62,3,1,0
BRDA:72,4,0,0
BRDA:72,4,1,0
BRF:11
BRH:0
end_of_record
TN:
SF:src\modules\electricity\electricity.route.js
FNF:0
FNH:0
DA:31,0
DA:34,0
DA:35,0
DA:39,0
DA:40,0
DA:41,0
DA:44,0
DA:47,0
DA:48,0
DA:49,0
DA:50,0
DA:51,0
DA:54,0
DA:62,0
DA:63,0
LF:15
LH:0
BRF:0
BRH:0
end_of_record
TN:
SF:src\modules\electricity\electricity.service.js
FN:47,(anonymous_0)
FN:75,(anonymous_1)
FN:93,(anonymous_2)
FN:137,(anonymous_3)
FN:166,(anonymous_4)
FN:186,(anonymous_5)
FN:434,(anonymous_6)
FN:464,(anonymous_7)
FN:624,(anonymous_8)
FN:652,(anonymous_9)
FN:697,(anonymous_10)
FN:721,(anonymous_11)
FN:729,(anonymous_12)
FN:730,(anonymous_13)
FN:732,(anonymous_14)
FN:735,(anonymous_15)
FN:750,(anonymous_16)
FN:754,(anonymous_17)
FN:758,(anonymous_18)
FN:792,(anonymous_19)
FN:798,(anonymous_20)
FNF:21
FNH:0
FNDA:0,(anonymous_0)
FNDA:0,(anonymous_1)
FNDA:0,(anonymous_2)
FNDA:0,(anonymous_3)
FNDA:0,(anonymous_4)
FNDA:0,(anonymous_5)
FNDA:0,(anonymous_6)
FNDA:0,(anonymous_7)
FNDA:0,(anonymous_8)
FNDA:0,(anonymous_9)
FNDA:0,(anonymous_10)
FNDA:0,(anonymous_11)
FNDA:0,(anonymous_12)
FNDA:0,(anonymous_13)
FNDA:0,(anonymous_14)
FNDA:0,(anonymous_15)
FNDA:0,(anonymous_16)
FNDA:0,(anonymous_17)
FNDA:0,(anonymous_18)
FNDA:0,(anonymous_19)
FNDA:0,(anonymous_20)
DA:48,0
DA:52,0
DA:53,0
DA:56,0
DA:75,0
DA:100,0
DA:102,0
DA:103,0
DA:108,0
DA:117,0
DA:118,0
DA:120,0
DA:121,0
DA:122,0
DA:123,0
DA:124,0
DA:125,0
DA:126,0
DA:127,0
DA:129,0
DA:133,0
DA:135,0
DA:137,0
DA:138,0
DA:140,0
DA:143,0
DA:146,0
DA:148,0
DA:149,0
DA:151,0
DA:159,0
DA:167,0
DA:171,0
DA:172,0
DA:187,0
DA:190,0
DA:191,0
DA:192,0
DA:196,0
DA:203,0
DA:204,0
DA:210,0
DA:211,0
DA:212,0
DA:214,0
DA:217,0
DA:221,0
DA:226,0
DA:227,0
DA:232,0
DA:233,0
DA:234,0
DA:237,0
DA:241,0
DA:249,0
DA:252,0
DA:256,0
DA:257,0
DA:260,0
DA:262,0
DA:263,0
DA:266,0
DA:267,0
DA:272,0
DA:273,0
DA:274,0
DA:275,0
DA:276,0
DA:279,0
DA:280,0
DA:282,0
DA:283,0
DA:286,0
DA:288,0
DA:289,0
DA:295,0
DA:300,0
DA:339,0
DA:350,0
DA:352,0
DA:353,0
DA:354,0
DA:357,0
DA:362,0
DA:365,0
DA:367,0
DA:368,0
DA:374,0
DA:379,0
DA:410,0
DA:416,0
DA:435,0
DA:440,0
DA:442,0
DA:443,0
DA:448,0
DA:467,0
DA:472,0
DA:476,0
DA:479,0
DA:481,0
DA:482,0
DA:483,0
DA:490,0
DA:491,0
DA:495,0
DA:497,0
DA:498,0
DA:505,0
DA:509,0
DA:514,0
DA:523,0
DA:526,0
DA:527,0
DA:531,0
DA:534,0
DA:536,0
DA:544,0
DA:548,0
DA:560,0
DA:563,0
DA:571,0
DA:581,0
DA:583,0
DA:585,0
DA:601,0
DA:603,0
DA:605,0
DA:612,0
DA:625,0
DA:628,0
DA:629,0
DA:630,0
DA:631,0
DA:632,0
DA:633,0
DA:634,0
DA:637,0
DA:641,0
DA:643,0
DA:644,0
DA:647,0
DA:648,0
DA:651,0
DA:652,0
DA:654,0
DA:663,0
DA:664,0
DA:666,0
DA:667,0
DA:670,0
DA:671,0
DA:672,0
DA:673,0
DA:677,0
DA:678,0
DA:681,0
DA:695,0
DA:696,0
DA:697,0
DA:698,0
DA:704,0
DA:705,0
DA:706,0
DA:707,0
DA:708,0
DA:710,0
DA:721,0
DA:722,0
DA:726,0
DA:728,0
DA:730,0
DA:731,0
DA:732,0
DA:735,0
DA:736,0
DA:749,0
DA:750,0
DA:753,0
DA:754,0
DA:757,0
DA:758,0
DA:762,0
DA:793,0
DA:798,0
DA:799,0
DA:801,0
DA:805,0
LF:188
LH:0
BRDA:52,0,0,0
BRDA:52,0,1,0
BRDA:62,1,0,0
BRDA:62,1,1,0
BRDA:65,2,0,0
BRDA:65,2,1,0
BRDA:68,3,0,0
BRDA:68,3,1,0
BRDA:71,4,0,0
BRDA:71,4,1,0
BRDA:75,5,0,0
BRDA:75,5,1,0
BRDA:97,6,0,0
BRDA:98,7,0,0
BRDA:102,8,0,0
BRDA:102,8,1,0
BRDA:102,9,0,0
BRDA:102,9,1,0
BRDA:122,10,0,0
BRDA:122,10,1,0
BRDA:122,11,0,0
BRDA:122,11,1,0
BRDA:122,11,2,0
BRDA:124,12,0,0
BRDA:124,12,1,0
BRDA:127,13,0,0
BRDA:127,13,1,0
BRDA:135,14,0,0
BRDA:135,14,1,0
BRDA:138,15,0,0
BRDA:138,15,1,0
BRDA:143,16,0,0
BRDA:143,16,1,0
BRDA:166,17,0,0
BRDA:171,18,0,0
BRDA:171,18,1,0
BRDA:186,19,0,0
BRDA:190,20,0,0
BRDA:190,20,1,0
BRDA:192,21,0,0
BRDA:192,21,1,0
BRDA:196,22,0,0
BRDA:196,22,1,0
BRDA:196,22,2,0
BRDA:196,22,3,0
BRDA:211,23,0,0
BRDA:211,23,1,0
BRDA:214,24,0,0
BRDA:214,24,1,0
BRDA:226,25,0,0
BRDA:226,25,1,0
BRDA:249,26,0,0
BRDA:249,26,1,0
BRDA:262,27,0,0
BRDA:262,27,1,0
BRDA:263,28,0,0
BRDA:263,28,1,0
BRDA:266,29,0,0
BRDA:266,29,1,0
BRDA:267,30,0,0
BRDA:267,30,1,0
BRDA:268,31,0,0
BRDA:268,31,1,0
BRDA:268,31,2,0
BRDA:274,32,0,0
BRDA:274,32,1,0
BRDA:274,33,0,0
BRDA:274,33,1,0
BRDA:283,34,0,0
BRDA:283,34,1,0
BRDA:286,35,0,0
BRDA:286,35,1,0
BRDA:288,36,0,0
BRDA:288,36,1,0
BRDA:296,37,0,0
BRDA:296,37,1,0
BRDA:306,38,0,0
BRDA:306,38,1,0
BRDA:326,39,0,0
BRDA:326,39,1,0
BRDA:341,40,0,0
BRDA:341,40,1,0
BRDA:353,41,0,0
BRDA:353,41,1,0
BRDA:354,42,0,0
BRDA:354,42,1,0
BRDA:362,43,0,0
BRDA:362,43,1,0
BRDA:364,44,0,0
BRDA:364,44,1,0
BRDA:365,45,0,0
BRDA:365,45,1,0
BRDA:367,46,0,0
BRDA:367,46,1,0
BRDA:402,47,0,0
BRDA:402,47,1,0
BRDA:434,48,0,0
BRDA:440,49,0,0
BRDA:440,49,1,0
BRDA:464,50,0,0
BRDA:472,51,0,0
BRDA:472,51,1,0
BRDA:479,52,0,0
BRDA:479,52,1,0
BRDA:482,53,0,0
BRDA:482,53,1,0
BRDA:492,54,0,0
BRDA:492,54,1,0
BRDA:495,55,0,0
BRDA:495,55,1,0
BRDA:497,56,0,0
BRDA:497,56,1,0
BRDA:526,57,0,0
BRDA:526,57,1,0
BRDA:526,58,0,0
BRDA:526,58,1,0
BRDA:534,59,0,0
BRDA:534,59,1,0
BRDA:544,60,0,0
BRDA:544,60,1,0
BRDA:551,61,0,0
BRDA:551,61,1,0
BRDA:583,62,0,0
BRDA:583,62,1,0
BRDA:583,63,0,0
BRDA:583,63,1,0
BRDA:601,64,0,0
BRDA:601,64,1,0
BRDA:603,65,0,0
BRDA:603,65,1,0
BRDA:603,66,0,0
BRDA:603,66,1,0
BRDA:624,67,0,0
BRDA:628,68,0,0
BRDA:628,68,1,0
BRDA:629,69,0,0
BRDA:629,69,1,0
BRDA:630,70,0,0
BRDA:630,70,1,0
BRDA:631,71,0,0
BRDA:631,71,1,0
BRDA:632,72,0,0
BRDA:632,72,1,0
BRDA:633,73,0,0
BRDA:633,73,1,0
BRDA:633,74,0,0
BRDA:633,74,1,0
BRDA:637,75,0,0
BRDA:637,75,1,0
BRDA:638,76,0,0
BRDA:638,76,1,0
BRDA:638,76,2,0
BRDA:643,77,0,0
BRDA:643,77,1,0
BRDA:643,78,0,0
BRDA:643,78,1,0
BRDA:647,79,0,0
BRDA:647,79,1,0
BRDA:657,80,0,0
BRDA:657,80,1,0
BRDA:663,81,0,0
BRDA:663,81,1,0
BRDA:663,82,0,0
BRDA:663,82,1,0
BRDA:666,83,0,0
BRDA:666,83,1,0
BRDA:670,84,0,0
BRDA:670,84,1,0
BRDA:677,85,0,0
BRDA:677,85,1,0
BRDA:695,86,0,0
BRDA:695,86,1,0
BRDA:699,87,0,0
BRDA:699,87,1,0
BRDA:699,87,2,0
BRDA:699,87,3,0
BRDA:704,88,0,0
BRDA:704,88,1,0
BRDA:705,89,0,0
BRDA:705,89,1,0
BRDA:706,90,0,0
BRDA:706,90,1,0
BRDA:707,91,0,0
BRDA:707,91,1,0
BRDA:708,92,0,0
BRDA:708,92,1,0
BRDA:711,93,0,0
BRDA:711,93,1,0
BRDA:711,93,2,0
BRDA:711,93,3,0
BRDA:711,93,4,0
BRDA:711,93,5,0
BRDA:732,94,0,0
BRDA:732,94,1,0
BRDA:735,95,0,0
BRDA:735,95,1,0
BRDA:750,96,0,0
BRDA:750,96,1,0
BRDA:754,97,0,0
BRDA:754,97,1,0
BRDA:758,98,0,0
BRDA:758,98,1,0
BRDA:777,99,0,0
BRDA:777,99,1,0
BRDA:792,100,0,0
BRF:205
BRH:0
end_of_record
TN:
SF:src\modules\electricity\subMeter.controller.js
FN:27,(anonymous_0)
FN:62,(anonymous_1)
FN:84,(anonymous_2)
FN:159,(anonymous_3)
FN:209,(anonymous_4)
FN:240,formatType
FNF:6
FNH:0
FNDA:0,(anonymous_0)
FNDA:0,(anonymous_1)
FNDA:0,(anonymous_2)
FNDA:0,(anonymous_3)
FNDA:0,(anonymous_4)
FNDA:0,formatType
DA:14,0
DA:27,0
DA:28,0
DA:30,0
DA:32,0
DA:33,0
DA:38,0
DA:40,0
DA:42,0
DA:43,0
DA:44,0
DA:49,0
DA:52,0
DA:53,0
DA:55,0
DA:62,0
DA:67,0
DA:72,0
DA:73,0
DA:84,0
DA:85,0
DA:86,0
DA:88,0
DA:98,0
DA:101,0
DA:102,0
DA:103,0
DA:104,0
DA:110,0
DA:111,0
DA:112,0
DA:113,0
DA:119,0
DA:136,0
DA:137,0
DA:139,0
DA:145,0
DA:146,0
DA:147,0
DA:148,0
DA:159,0
DA:160,0
DA:161,0
DA:163,0
DA:165,0
DA:166,0
DA:167,0
DA:168,0
DA:169,0
DA:170,0
DA:171,0
DA:172,0
DA:173,0
DA:175,0
DA:176,0
DA:181,0
DA:186,0
DA:187,0
DA:192,0
DA:198,0
DA:199,0
DA:209,0
DA:210,0
DA:211,0
DA:213,0
DA:219,0
DA:220,0
DA:225,0
DA:231,0
DA:232,0
DA:241,0
LF:71
LH:0
BRDA:32,0,0,0
BRDA:32,0,1,0
BRDA:40,1,0,0
BRDA:40,1,1,0
BRDA:42,2,0,0
BRDA:42,2,1,0
BRDA:43,3,0,0
BRDA:43,3,1,0
BRDA:52,4,0,0
BRDA:52,4,1,0
BRDA:53,5,0,0
BRDA:53,5,1,0
BRDA:75,6,0,0
BRDA:75,6,1,0
BRDA:101,7,0,0
BRDA:101,7,1,0
BRDA:101,8,0,0
BRDA:101,8,1,0
BRDA:101,8,2,0
BRDA:110,9,0,0
BRDA:110,9,1,0
BRDA:125,10,0,0
BRDA:125,10,1,0
BRDA:126,11,0,0
BRDA:126,11,1,0
BRDA:127,12,0,0
BRDA:127,12,1,0
BRDA:128,13,0,0
BRDA:128,13,1,0
BRDA:129,14,0,0
BRDA:129,14,1,0
BRDA:150,15,0,0
BRDA:150,15,1,0
BRDA:166,16,0,0
BRDA:166,16,1,0
BRDA:167,17,0,0
BRDA:167,17,1,0
BRDA:169,18,0,0
BRDA:169,18,1,0
BRDA:170,19,0,0
BRDA:170,19,1,0
BRDA:172,20,0,0
BRDA:172,20,1,0
BRDA:175,21,0,0
BRDA:175,21,1,0
BRDA:186,22,0,0
BRDA:186,22,1,0
BRDA:201,23,0,0
BRDA:201,23,1,0
BRDA:219,24,0,0
BRDA:219,24,1,0
BRDA:234,25,0,0
BRDA:234,25,1,0
BRDA:242,26,0,0
BRDA:242,26,1,0
BRF:55
BRH:0
end_of_record
TN:
SF:src\modules\expenses\Expense.Model.js
FN:68,(anonymous_0)
FN:92,(anonymous_1)
FN:100,(anonymous_2)
FN:117,(anonymous_3)
FN:165,(anonymous_4)
FN:209,(anonymous_5)
FN:240,(anonymous_6)
FNF:7
FNH:0
FNDA:0,(anonymous_0)
FNDA:0,(anonymous_1)
FNDA:0,(anonymous_2)
FNDA:0,(anonymous_3)
FNDA:0,(anonymous_4)
FNDA:0,(anonymous_5)
FNDA:0,(anonymous_6)
DA:14,0
DA:69,0
DA:93,0
DA:101,0
DA:118,0
DA:166,0
DA:199,0
DA:200,0
DA:201,0
DA:202,0
DA:203,0
DA:204,0
DA:209,0
DA:211,0
DA:212,0
DA:218,0
DA:219,0
DA:220,0
DA:221,0
DA:222,0
DA:223,0
DA:224,0
DA:225,0
DA:226,0
DA:230,0
DA:231,0
DA:233,0
DA:234,0
DA:235,0
DA:239,0
DA:240,0
DA:243,0
DA:244,0
DA:251,0
LF:34
LH:0
BRDA:211,0,0,0
BRDA:211,0,1,0
BRDA:211,1,0,0
BRDA:211,1,1,0
BRDA:218,2,0,0
BRDA:218,2,1,0
BRDA:221,3,0,0
BRDA:221,3,1,0
BRDA:224,4,0,0
BRDA:224,4,1,0
BRDA:230,5,0,0
BRDA:230,5,1,0
BRDA:233,6,0,0
BRDA:233,6,1,0
BRDA:234,7,0,0
BRDA:234,7,1,0
BRDA:240,8,0,0
BRDA:240,8,1,0
BRDA:243,9,0,0
BRDA:243,9,1,0
BRF:20
BRH:0
end_of_record
TN:
SF:src\modules\expenses\ExpenseSource.Model.js
FNF:0
FNH:0
DA:2,0
LF:1
LH:0
BRF:0
BRH:0
end_of_record
TN:
SF:src\modules\expenses\expense.controller.js
FN:10,createExpenseController
FN:38,getAllExpensesController
FN:70,getExpenseSourcesController
FN:83,getStaffExpensesController
FN:111,getSalaryReportController
FN:139,getExpensesByEntityController
FNF:6
FNH:0
FNDA:0,createExpenseController
FNDA:0,getAllExpensesController
FNDA:0,getExpenseSourcesController
FNDA:0,getStaffExpensesController
FNDA:0,getSalaryReportController
FNDA:0,getExpensesByEntityController
DA:11,0
DA:12,0
DA:14,0
DA:20,0
DA:21,0
DA:28,0
DA:34,0
DA:39,0
DA:48,0
DA:50,0
DA:60,0
DA:66,0
DA:71,0
DA:72,0
DA:73,0
DA:79,0
DA:84,0
DA:85,0
DA:86,0
DA:88,0
DA:89,0
DA:94,0
DA:99,0
DA:107,0
DA:112,0
DA:113,0
DA:115,0
DA:116,0
DA:122,0
DA:127,0
DA:135,0
DA:140,0
DA:141,0
DA:143,0
DA:148,0
DA:154,0
LF:36
LH:0
BRDA:20,0,0,0
BRDA:20,0,1,0
BRDA:54,1,0,0
BRDA:54,1,1,0
BRDA:55,2,0,0
BRDA:55,2,1,0
BRDA:88,3,0,0
BRDA:88,3,1,0
BRDA:95,4,0,0
BRDA:95,4,1,0
BRDA:96,5,0,0
BRDA:96,5,1,0
BRDA:115,6,0,0
BRDA:115,6,1,0
BRDA:115,7,0,0
BRDA:115,7,1,0
BRDA:144,8,0,0
BRDA:144,8,1,0
BRDA:145,9,0,0
BRDA:145,9,1,0
BRF:20
BRH:0
end_of_record
TN:
SF:src\modules\expenses\expense.route.js
FNF:0
FNH:0
DA:13,0
DA:15,0
DA:17,0
DA:18,0
DA:19,0
DA:22,0
DA:23,0
DA:26,0
LF:8
LH:0
BRF:0
BRH:0
end_of_record
TN:
SF:src\modules\expenses\expense.service.js
FN:63,resolveNepaliDateFields
FN:88,resolveExpenseAccountCode
FN:113,resolveBankAccountCode
FN:152,postExpenseJournalForEntity
FN:189,resolveTransactionScope
FN:231,createExpense
FN:428,(anonymous_6)
FN:484,(anonymous_7)
FN:517,getAllExpenses
FN:558,getExpensesByEntity
FN:620,getStaffExpenses
FN:637,(anonymous_11)
FN:658,getSalaryReport
FN:697,(anonymous_13)
FN:712,getExpenseSources
FNF:15
FNH:0
FNDA:0,resolveNepaliDateFields
FNDA:0,resolveExpenseAccountCode
FNDA:0,resolveBankAccountCode
FNDA:0,postExpenseJournalForEntity
FNDA:0,resolveTransactionScope
FNDA:0,createExpense
FNDA:0,(anonymous_6)
FNDA:0,(anonymous_7)
FNDA:0,getAllExpenses
FNDA:0,getExpensesByEntity
FNDA:0,getStaffExpenses
FNDA:0,(anonymous_11)
FNDA:0,getSalaryReport
FNDA:0,(anonymous_13)
FNDA:0,getExpenseSources
DA:47,0
DA:48,0
DA:65,0
DA:66,0
DA:67,0
DA:71,0
DA:74,0
DA:77,0
DA:79,0
DA:81,0
DA:94,0
DA:96,0
DA:97,0
DA:100,0
DA:103,0
DA:106,0
DA:114,0
DA:119,0
DA:120,0
DA:121,0
DA:123,0
DA:125,0
DA:163,0
DA:175,0
DA:176,0
DA:177,0
DA:179,0
DA:190,0
DA:191,0
DA:192,0
DA:195,0
DA:197,0
DA:198,0
DA:202,0
DA:204,0
DA:232,0
DA:233,0
[...]
TN:
SF:src\modules\vendors\vendorContract.model.js
FNF:0
FNH:0
DA:12,0
DA:54,0
DA:55,0
LF:3
LH:0
BRF:0
BRH:0
end_of_record
TN:
SF:src\reciepts\reciept.service.js
FN:9,handleReceiptSideEffects
FN:189,(anonymous_1)
FNF:2
FNH:0
FNDA:0,handleReceiptSideEffects
FNDA:0,(anonymous_1)
DA:10,0
DA:11,0
DA:12,0
DA:17,0
DA:18,0
DA:23,0
DA:24,0
DA:25,0
DA:26,0
DA:28,0
DA:30,0
DA:33,0
DA:39,0
DA:46,0
DA:47,0
DA:49,0
DA:50,0
DA:53,0
DA:54,0
DA:55,0
DA:58,0
DA:61,0
DA:70,0
DA:86,0
DA:87,0
DA:89,0
DA:90,0
DA:91,0
DA:93,0
DA:94,0
DA:101,0
DA:108,0
DA:116,0
DA:117,0
DA:121,0
DA:125,0
DA:127,0
DA:136,0
DA:156,0
DA:158,0
DA:159,0
DA:164,0
DA:183,0
DA:188,0
DA:190,0
DA:191,0
DA:193,0
DA:194,0
LF:48
LH:0
BRDA:10,0,0,0
BRDA:10,0,1,0
BRDA:18,1,0,0
BRDA:18,1,1,0
BRDA:19,2,0,0
BRDA:19,2,1,0
BRDA:19,2,2,0
BRDA:23,3,0,0
BRDA:23,3,1,0
BRDA:24,4,0,0
BRDA:24,4,1,0
BRDA:28,5,0,0
BRDA:28,5,1,0
BRDA:33,6,0,0
BRDA:33,6,1,0
BRDA:39,7,0,0
BRDA:39,7,1,0
BRDA:46,8,0,0
BRDA:46,8,1,0
BRDA:47,9,0,0
BRDA:47,9,1,0
BRDA:47,10,0,0
BRDA:47,10,1,0
BRDA:53,11,0,0
BRDA:53,11,1,0
BRDA:58,12,0,0
BRDA:58,12,1,0
BRDA:87,13,0,0
BRDA:87,13,1,0
BRDA:89,14,0,0
BRDA:89,14,1,0
BRDA:91,15,0,0
BRDA:91,15,1,0
BRDA:93,16,0,0
BRDA:93,16,1,0
BRDA:101,17,0,0
BRDA:101,17,1,0
BRDA:103,18,0,0
BRDA:103,18,1,0
BRDA:108,19,0,0
BRDA:108,19,1,0
BRDA:110,20,0,0
BRDA:110,20,1,0
BRDA:112,21,0,0
BRDA:112,21,1,0
BRDA:121,22,0,0
BRDA:121,22,1,0
BRDA:121,22,2,0
BRDA:121,22,3,0
BRDA:125,23,0,0
BRDA:125,23,1,0
BRDA:127,24,0,0
BRDA:127,24,1,0
BRDA:129,25,0,0
BRDA:129,25,1,0
BRDA:131,26,0,0
BRDA:131,26,1,0
BRDA:133,27,0,0
BRDA:133,27,1,0
BRDA:137,28,0,0
BRDA:137,28,1,0
BRDA:137,28,2,0
BRDA:140,29,0,0
BRDA:140,29,1,0
BRDA:140,29,2,0
BRDA:144,30,0,0
BRDA:144,30,1,0
BRDA:145,31,0,0
BRDA:145,31,1,0
BRDA:149,32,0,0
BRDA:149,32,1,0
BRDA:149,32,2,0
BRDA:151,33,0,0
BRDA:151,33,1,0
BRDA:151,33,2,0
BRDA:151,33,3,0
BRDA:158,34,0,0
BRDA:158,34,1,0
BRDA:160,35,0,0
BRDA:160,35,1,0
BRDA:160,35,2,0
BRDA:175,36,0,0
BRDA:175,36,1,0
BRDA:184,37,0,0
BRDA:184,37,1,0
BRDA:184,37,2,0
BRDA:190,38,0,0
BRDA:190,38,1,0
BRDA:193,39,0,0
BRDA:193,39,1,0
BRDA:193,39,2,0
BRF:91
BRH:0
end_of_record
TN:
SF:src\utils\buildFilter.js
FN:1,(anonymous_0)
FNF:1
FNH:0
FNDA:0,(anonymous_0)
DA:1,0
DA:9,0
DA:10,0
DA:11,0
DA:12,0
DA:18,0
DA:19,0
DA:21,0
LF:8
LH:0
BRDA:7,0,0,0
BRDA:10,1,0,0
BRDA:10,1,1,0
BRDA:11,2,0,0
BRDA:11,2,1,0
BRDA:11,3,0,0
BRDA:11,3,1,0
BRDA:18,4,0,0
BRDA:18,4,1,0
BRDA:19,5,0,0
BRDA:19,5,1,0
BRF:11
BRH:0
end_of_record
TN:
SF:src\utils\journalPayloadUtils.js
FN:41,validateEntry
FN:90,buildJournalPayload
FN:132,(anonymous_2)
FN:135,(anonymous_3)
FN:136,(anonymous_4)
FN:158,(anonymous_5)
FNF:6
FNH:0
FNDA:0,validateEntry
FNDA:0,buildJournalPayload
FNDA:0,(anonymous_2)
FNDA:0,(anonymous_3)
FNDA:0,(anonymous_4)
FNDA:0,(anonymous_5)
DA:42,0
DA:44,0
DA:45,0
DA:47,0
DA:48,0
DA:52,0
DA:53,0
DA:57,0
DA:58,0
DA:62,0
DA:63,0
DA:107,0
DA:108,0
DA:109,0
DA:110,0
DA:112,0
DA:113,0
DA:119,0
DA:122,0
DA:123,0
DA:129,0
DA:130,0
DA:132,0
DA:135,0
DA:136,0
DA:137,0
DA:138,0
DA:145,0
DA:158,0
LF:29
LH:0
BRDA:44,0,0,0
BRDA:44,0,1,0
BRDA:44,1,0,0
BRDA:44,1,1,0
BRDA:47,2,0,0
BRDA:47,2,1,0
BRDA:47,3,0,0
BRDA:47,3,1,0
BRDA:52,4,0,0
BRDA:52,4,1,0
BRDA:52,5,0,0
BRDA:52,5,1,0
BRDA:57,6,0,0
BRDA:57,6,1,0
BRDA:57,7,0,0
BRDA:57,7,1,0
BRDA:62,8,0,0
BRDA:62,8,1,0
BRDA:62,9,0,0
BRDA:62,9,1,0
BRDA:104,10,0,0
BRDA:107,11,0,0
BRDA:107,11,1,0
BRDA:108,12,0,0
BRDA:108,12,1,0
BRDA:109,13,0,0
BRDA:109,13,1,0
BRDA:110,14,0,0
BRDA:110,14,1,0
BRDA:112,15,0,0
BRDA:112,15,1,0
BRDA:112,16,0,0
BRDA:112,16,1,0
BRDA:122,17,0,0
BRDA:122,17,1,0
BRDA:122,18,0,0
BRDA:122,18,1,0
BRDA:129,19,0,0
BRDA:129,19,1,0
BRDA:129,20,0,0
BRDA:129,20,1,0
BRDA:137,21,0,0
BRDA:137,21,1,0
BRDA:150,22,0,0
BRDA:150,22,1,0
BRDA:154,23,0,0
BRDA:154,23,1,0
BRDA:156,24,0,0
BRDA:156,24,1,0
BRDA:157,25,0,0
BRDA:157,25,1,0
BRDA:162,26,0,0
BRDA:162,26,1,0
BRF:53
BRH:0
end_of_record
TN:
SF:src\utils\jwt.js
FN:10,(anonymous_0)
FN:28,(anonymous_1)
FN:48,(anonymous_2)
FN:66,(anonymous_3)
FNF:4
FNH:0
FNDA:0,(anonymous_0)
FNDA:0,(anonymous_1)
FNDA:0,(anonymous_2)
FNDA:0,(anonymous_3)
DA:3,0
DA:4,0
DA:5,0
DA:7,0
DA:8,0
DA:10,0
DA:11,0
DA:12,0
DA:16,0
DA:17,0
DA:19,0
DA:20,0
DA:24,0
DA:25,0
DA:28,0
DA:29,0
DA:30,0
DA:31,0
DA:33,0
DA:34,0
DA:36,0
DA:37,0
DA:40,0
DA:41,0
DA:42,0
DA:43,0
DA:45,0
DA:48,0
DA:49,0
DA:50,0
DA:54,0
DA:55,0
DA:57,0
DA:58,0
DA:62,0
DA:63,0
DA:66,0
DA:67,0
DA:68,0
DA:70,0
LF:40
LH:0
BRDA:7,0,0,0
BRDA:7,0,1,0
BRDA:8,1,0,0
BRDA:8,1,1,0
BRDA:11,2,0,0
BRDA:11,2,1,0
BRDA:16,3,0,0
BRDA:16,3,1,0
BRDA:16,4,0,0
BRDA:16,4,1,0
BRDA:29,5,0,0
BRDA:29,5,1,0
BRDA:33,6,0,0
BRDA:33,6,1,0
BRDA:40,7,0,0
BRDA:40,7,1,0
BRDA:42,8,0,0
BRDA:42,8,1,0
BRDA:49,9,0,0
BRDA:49,9,1,0
BRDA:54,10,0,0
BRDA:54,10,1,0
BRDA:54,11,0,0
BRDA:54,11,1,0
BRF:24
BRH:0
end_of_record
TN:
SF:src\utils\moneyUtil.js
FN:24,bankersRound
FN:42,extractNumericValue
FN:64,rupeesToPaisa
FN:74,paisaToRupees
FN:94,safePaisaToRupees
FN:106,formatMoney
FN:127,formatMoneySafe
FN:148,addMoney
FN:158,subtractMoney
FN:168,multiplyMoney
FN:178,divideMoney
FN:191,percentageOf
FN:206,distributeMoney
FN:233,distributeByWeight
FN:234,(anonymous_14)
FN:236,(anonymous_15)
FN:241,(anonymous_16)
FN:252,assertIntegerPaisa
FN:261,getRawPaisa
FN:284,(anonymous_19)
FN:293,(anonymous_20)
FN:297,(anonymous_21)
FN:301,(anonymous_22)
FN:305,(anonymous_23)
FN:310,(anonymous_24)
FN:315,(anonymous_25)
FN:319,(anonymous_26)
FN:323,(anonymous_27)
FN:327,(anonymous_28)
FN:332,(anonymous_29)
FN:337,(anonymous_30)
FN:342,(anonymous_31)
FNF:32
FNH:0
FNDA:0,bankersRound
FNDA:0,extractNumericValue
FNDA:0,rupeesToPaisa
FNDA:0,paisaToRupees
FNDA:0,safePaisaToRupees
FNDA:0,formatMoney
FNDA:0,formatMoneySafe
FNDA:0,addMoney
FNDA:0,subtractMoney
FNDA:0,multiplyMoney
FNDA:0,divideMoney
FNDA:0,percentageOf
FNDA:0,distributeMoney
FNDA:0,distributeByWeight
FNDA:0,(anonymous_14)
FNDA:0,(anonymous_15)
FNDA:0,(anonymous_16)
FNDA:0,assertIntegerPaisa
FNDA:0,getRawPaisa
FNDA:0,(anonymous_19)
FNDA:0,(anonymous_20)
FNDA:0,(anonymous_21)
FNDA:0,(anonymous_22)
FNDA:0,(anonymous_23)
FNDA:0,(anonymous_24)
FNDA:0,(anonymous_25)
FNDA:0,(anonymous_26)
FNDA:0,(anonymous_27)
FNDA:0,(anonymous_28)
FNDA:0,(anonymous_29)
FNDA:0,(anonymous_30)
FNDA:0,(anonymous_31)
DA:13,2
DA:25,0
DA:26,0
DA:29,0
DA:30,0
DA:33,0
DA:43,0
DA:44,0
DA:46,0
DA:48,0
DA:49,0
DA:50,0
DA:51,0
DA:53,0
DA:55,0
DA:65,0
DA:66,0
DA:76,0
DA:77,0
DA:79,0
DA:81,0
DA:85,0
DA:87,0
DA:95,0
DA:96,0
DA:97,0
DA:112,0
DA:114,0
DA:115,0
DA:120,0
DA:128,0
DA:134,0
DA:135,0
DA:139,0
DA:149,0
DA:159,0
DA:169,0
DA:179,0
DA:180,0
DA:182,0
DA:192,0
DA:207,0
DA:208,0
DA:211,0
DA:212,0
DA:214,0
DA:217,0
DA:218,0
DA:221,0
DA:234,0
DA:236,0
DA:237,0
DA:241,0
DA:242,0
DA:245,0
DA:246,0
DA:247,0
DA:250,0
DA:253,0
DA:254,0
DA:264,0
DA:266,0
DA:267,0
DA:269,0
DA:272,0
DA:275,0
DA:276,0
DA:285,0
DA:286,0
DA:290,0
DA:294,0
DA:298,0
DA:302,0
DA:306,0
DA:307,0
DA:311,0
DA:312,0
DA:316,0
DA:320,0
DA:324,0
DA:328,0
DA:329,0
DA:333,0
DA:334,0
DA:338,0
DA:339,0
DA:343,0
LF:87
LH:1
BRDA:29,0,0,0
BRDA:29,0,1,0
BRDA:30,1,0,0
BRDA:30,1,1,0
BRDA:43,2,0,0
BRDA:43,2,1,0
BRDA:46,3,0,0
BRDA:46,3,1,0
BRDA:50,4,0,0
BRDA:50,4,1,0
BRDA:76,5,0,0
BRDA:76,5,1,0
BRDA:76,6,0,0
BRDA:76,6,1,0
BRDA:79,7,0,0
BRDA:79,7,1,0
BRDA:81,8,0,0
BRDA:81,8,1,0
BRDA:81,9,0,0
BRDA:81,9,1,0
BRDA:95,10,0,0
BRDA:95,10,1,0
BRDA:95,11,0,0
BRDA:95,11,1,0
BRDA:96,12,0,0
BRDA:96,12,1,0
BRDA:96,13,0,0
BRDA:96,13,1,0
BRDA:106,14,0,0
BRDA:108,15,0,0
BRDA:109,16,0,0
BRDA:110,17,0,0
BRDA:111,18,0,0
BRDA:120,19,0,0
BRDA:120,19,1,0
BRDA:127,20,0,0
BRDA:130,21,0,0
BRDA:131,22,0,0
BRDA:132,23,0,0
BRDA:133,24,0,0
BRDA:139,25,0,0
BRDA:139,25,1,0
BRDA:179,26,0,0
BRDA:179,26,1,0
BRDA:207,27,0,0
BRDA:207,27,1,0
BRDA:245,28,0,0
BRDA:245,28,1,0
BRDA:252,29,0,0
BRDA:253,30,0,0
BRDA:253,30,1,0
BRDA:253,31,0,0
BRDA:253,31,1,0
BRDA:264,32,0,0
BRDA:264,32,1,0
BRDA:264,33,0,0
BRDA:264,33,1,0
BRDA:267,34,0,0
BRDA:267,34,1,0
BRDA:267,35,0,0
BRDA:267,35,1,0
BRDA:285,36,0,0
BRDA:285,36,1,0
BRDA:306,37,0,0
BRDA:306,37,1,0
BRDA:311,38,0,0
BRDA:311,38,1,0
BRDA:328,39,0,0
BRDA:328,39,1,0
BRDA:333,40,0,0
BRDA:333,40,1,0
BRDA:338,41,0,0
BRDA:338,41,1,0
BRF:73
BRH:0
end_of_record
TN:
SF:src\utils\nepaliDateHelper.js
FN:44,validateNepaliDate
FN:69,validateNepaliDateInstance
FN:79,validateInteger
FN:101,formatNepaliISO
FN:117,parseNepaliISO
FN:148,addNepaliDays
FN:177,addNepaliMonths
FN:212,diffNepaliDays
FN:244,getNepaliMonthDates
FN:338,getRentCycleDates
FN:387,checkNepaliSpecialDays
FN:399,(anonymous_11)
FN:421,getNepalTime
FN:443,getNepaliToday
FN:473,toNepalMidnight
FN:496,getNepaliYearMonthFromDate
FN:510,assertNepaliFields
FN:532,resolveNepaliPeriod
FNF:18
FNH:9
FNDA:16,validateNepaliDate
FNDA:56,validateNepaliDateInstance
FNDA:21,validateInteger
FNDA:18,formatNepaliISO
FNDA:7,parseNepaliISO
FNDA:12,addNepaliDays
FNDA:9,addNepaliMonths
FNDA:9,diffNepaliDays
FNDA:5,getNepaliMonthDates
FNDA:0,getRentCycleDates
FNDA:0,checkNepaliSpecialDays
FNDA:0,(anonymous_11)
FNDA:0,getNepalTime
FNDA:0,getNepaliToday
FNDA:0,toNepalMidnight
FNDA:0,getNepaliYearMonthFromDate
FNDA:0,assertNepaliFields
FNDA:0,resolveNepaliPeriod
DA:19,3
DA:20,3
DA:21,3
DA:45,16
DA:46,0
DA:51,16
DA:52,1
DA:57,15
DA:58,15
DA:59,1
DA:70,56
DA:71,2
DA:80,21
DA:81,4
DA:83,17
DA:84,0
DA:86,17
DA:87,0
DA:102,18
DA:104,18
DA:105,18
DA:106,18
DA:108,18
DA:118,7
DA:119,7
DA:120,3
DA:125,4
DA:126,4
DA:127,4
DA:128,4
DA:130,4
DA:131,2
DA:149,12
DA:150,12
DA:152,10
DA:155,10
DA:156,10
DA:159,10
DA:161,0
DA:178,9
DA:179,9
DA:181,7
DA:182,7
DA:183,7
DA:186,7
DA:187,7
DA:188,7
DA:191,7
DA:192,0
DA:193,0
DA:195,7
DA:199,7
DA:200,7
DA:202,7
DA:203,7
DA:213,9
DA:214,8
DA:215,7
DA:216,7
DA:217,7
DA:218,7
DA:219,7
DA:245,5
DA:247,5
DA:248,5
DA:250,5
DA:252,5
DA:253,5
DA:254,5
DA:257,5
DA:258,5
DA:259,5
DA:260,5
DA:267,5
DA:268,5
DA:269,5
DA:276,5
DA:277,5
DA:278,5
DA:280,5
DA:343,0
DA:344,0
DA:345,0
DA:348,0
DA:349,0
DA:351,0
DA:352,0
DA:354,0
DA:388,0
DA:389,0
DA:396,0
DA:397,0
DA:399,0
DA:400,0
DA:404,0
DA:422,0
DA:423,0
DA:424,0
DA:444,0
DA:446,0
DA:447,0
DA:448,0
DA:449,0
DA:452,0
DA:455,0
DA:457,0
DA:474,0
DA:476,0
DA:479,0
DA:480,0
DA:481,0
DA:483,0
DA:484,0
DA:486,0
DA:497,0
DA:498,0
DA:511,0
DA:512,0
DA:516,0
DA:517,0
DA:533,0
DA:540,0
DA:544,0
DA:550,0
DA:553,0
DA:562,0
LF:126
LH:74
BRDA:45,0,0,0
BRDA:45,0,1,16
BRDA:45,1,0,16
BRDA:45,1,1,16
BRDA:45,1,2,16
BRDA:51,2,0,1
BRDA:51,2,1,15
BRDA:51,3,0,16
BRDA:51,3,1,16
BRDA:51,3,2,16
BRDA:58,4,0,1
BRDA:58,4,1,14
BRDA:58,5,0,15
BRDA:58,5,1,15
BRDA:58,5,2,15
BRDA:70,6,0,2
BRDA:70,6,1,54
BRDA:79,7,0,21
BRDA:80,8,0,4
BRDA:80,8,1,17
BRDA:83,9,0,0
BRDA:83,9,1,17
BRDA:83,10,0,17
BRDA:83,10,1,0
BRDA:86,11,0,0
BRDA:86,11,1,17
BRDA:86,12,0,17
BRDA:86,12,1,0
BRDA:119,13,0,3
BRDA:119,13,1,4
BRDA:191,14,0,0
BRDA:191,14,1,7
BRDA:247,15,0,4
BRDA:247,15,1,1
BRDA:248,16,0,4
BRDA:248,16,1,1
BRDA:341,17,0,0
BRDA:387,18,0,0
BRDA:387,19,0,0
BRDA:388,20,0,0
BRDA:388,20,1,0
BRDA:400,21,0,0
BRDA:400,21,1,0
BRDA:400,21,2,0
BRDA:497,22,0,0
BRDA:497,22,1,0
BRDA:511,23,0,0
BRDA:511,23,1,0
BRDA:511,24,0,0
BRDA:511,24,1,0
BRDA:511,24,2,0
BRDA:516,25,0,0
BRDA:516,25,1,0
BRDA:516,26,0,0
BRDA:516,26,1,0
BRDA:516,26,2,0
BRDA:533,27,0,0
BRDA:533,27,1,0
BRDA:534,28,0,0
BRDA:534,28,1,0
BRDA:534,28,2,0
BRDA:534,28,3,0
BRDA:534,28,4,0
BRDA:544,29,0,0
BRDA:544,29,1,0
BRDA:545,30,0,0
BRDA:545,30,1,0
BRF:67
BRH:30
end_of_record
TN:
SF:src\utils\nepaliMonthQuarter.js
FN:5,(anonymous_0)
FN:6,(anonymous_1)
FNF:2
FNH:0
FNDA:0,(anonymous_0)
FNDA:0,(anonymous_1)
DA:5,2
DA:6,0
DA:8,0
DA:9,0
DA:10,0
LF:5
LH:1
BRDA:10,0,0,0
BRDA:10,0,1,0
BRF:2
BRH:0
end_of_record
TN:
SF:src\utils\payment.Notification.js
FN:7,(anonymous_0)
FNF:1
FNH:0
FNDA:0,(anonymous_0)
DA:5,0
DA:7,0
DA:9,0
DA:20,0
DA:22,0
DA:23,0
DA:24,0
DA:25,0
DA:28,0
DA:31,0
DA:32,0
DA:34,0
DA:39,0
DA:57,0
DA:62,0
DA:63,0
LF:16
LH:0
BRDA:23,0,0,0
BRDA:23,0,1,0
BRDA:25,1,0,0
BRDA:25,1,1,0
BRDA:28,2,0,0
BRDA:28,2,1,0
BRDA:32,3,0,0
BRDA:32,3,1,0
BRDA:35,4,0,0
BRDA:35,4,1,0
BRF:10
BRH:0
end_of_record
TN:
SF:src\utils\paymentAccountUtils.js
FN:50,getDebitAccountForPayment
FN:99,getCreditAccountForPayment
FN:110,assertValidPaymentMethod
FNF:3
FNH:0
FNDA:0,getDebitAccountForPayment
FNDA:0,getCreditAccountForPayment
FNDA:0,assertValidPaymentMethod
DA:25,2
DA:51,0
DA:54,0
DA:59,0
DA:60,0
DA:66,0
DA:70,0
DA:71,0
DA:72,0
DA:77,0
DA:81,0
DA:100,0
DA:111,0
DA:112,0
LF:14
LH:1
BRDA:51,0,0,0
BRDA:51,0,1,0
BRDA:51,0,2,0
BRDA:51,0,3,0
BRDA:51,0,4,0
BRDA:59,1,0,0
BRDA:59,1,1,0
BRDA:71,2,0,0
BRDA:71,2,1,0
BRDA:111,3,0,0
BRDA:111,3,1,0
BRF:11
BRH:0
end_of_record
TN:
SF:src\utils\quarterlyRentHelper.js
FN:58,getQuarterFromMonth
FN:70,getQuarterInfo
FN:80,getMonthsInQuarter
FN:102,calculateQuarterlyRentCycle
FN:150,(anonymous_4)
FN:172,calculateNextQuarterlyRent
FN:203,buildQuarterFilter
FN:224,buildMonthFilter
FN:245,buildDueDateRangeFilter
FN:271,buildQuarterlyRentFilter
FN:321,getCurrentQuarterInfo
FN:342,isInCurrentQuarter
FNF:12
FNH:0
FNDA:0,getQuarterFromMonth
FNDA:0,getQuarterInfo
FNDA:0,getMonthsInQuarter
FNDA:0,calculateQuarterlyRentCycle
FNDA:0,(anonymous_4)
FNDA:0,calculateNextQuarterlyRent
FNDA:0,buildQuarterFilter
FNDA:0,buildMonthFilter
FNDA:0,buildDueDateRangeFilter
FNDA:0,buildQuarterlyRentFilter
FNDA:0,getCurrentQuarterInfo
FNDA:0,isInCurrentQuarter
DA:21,1
DA:22,1
DA:59,0
DA:60,0
DA:62,0
DA:71,0
DA:72,0
DA:81,0
DA:82,0
DA:84,0
DA:104,0
DA:105,0
DA:107,0
DA:108,0
DA:112,0
DA:115,0
DA:118,0
DA:119,0
DA:126,0
DA:127,0
DA:128,0
DA:130,0
DA:151,0
DA:173,0
DA:174,0
DA:178,0
DA:181,0
DA:184,0
DA:204,0
DA:205,0
DA:208,0
DA:210,0
DA:225,0
DA:226,0
DA:229,0
DA:246,0
DA:247,0
DA:250,0
DA:280,0
DA:283,0
DA:284,0
DA:288,0
DA:289,0
DA:293,0
DA:294,0
DA:295,0
DA:296,0
DA:297,0
DA:298,0
DA:302,0
DA:303,0
DA:309,0
DA:322,0
DA:323,0
DA:324,0
DA:326,0
DA:343,0
DA:344,0
DA:347,0
DA:348,0
DA:350,0
LF:61
LH:2
BRDA:59,0,0,0
BRDA:59,0,1,0
BRDA:59,1,0,0
BRDA:59,1,1,0
BRDA:81,2,0,0
BRDA:81,2,1,0
BRDA:81,3,0,0
BRDA:81,3,1,0
BRDA:102,4,0,0
BRDA:104,5,0,0
BRDA:104,5,1,0
BRDA:104,6,0,0
BRDA:104,6,1,0
BRDA:104,6,2,0
BRDA:107,7,0,0
BRDA:107,7,1,0
BRDA:107,8,0,0
BRDA:107,8,1,0
BRDA:107,8,2,0
BRDA:151,9,0,0
BRDA:151,9,1,0
BRDA:172,10,0,0
BRDA:173,11,0,0
BRDA:173,11,1,0
BRDA:204,12,0,0
BRDA:204,12,1,0
BRDA:204,13,0,0
BRDA:204,13,1,0
BRDA:225,14,0,0
BRDA:225,14,1,0
BRDA:225,15,0,0
BRDA:225,15,1,0
BRDA:246,16,0,0
BRDA:246,16,1,0
BRDA:246,17,0,0
BRDA:246,17,1,0
BRDA:283,18,0,0
BRDA:283,18,1,0
BRDA:288,19,0,0
BRDA:288,19,1,0
BRDA:293,20,0,0
BRDA:293,20,1,0
BRDA:293,21,0,0
BRDA:293,21,1,0
BRDA:295,22,0,0
BRDA:295,22,1,0
BRDA:295,23,0,0
BRDA:295,23,1,0
BRDA:297,24,0,0
BRDA:297,24,1,0
BRDA:302,25,0,0
BRDA:302,25,1,0
BRDA:302,26,0,0
BRDA:302,26,1,0
BRDA:343,27,0,0
BRDA:343,27,1,0
BRDA:351,28,0,0
BRDA:351,28,1,0
BRF:58
BRH:0
end_of_record
TN:
SF:src\utils\rent.Notification.js
FN:16,(anonymous_0)
FN:64,(anonymous_1)
FNF:2
FNH:0
FNDA:0,(anonymous_0)
FNDA:0,(anonymous_1)
DA:9,0
DA:16,0
DA:20,0
DA:21,0
DA:22,0
DA:23,0
DA:24,0
DA:27,0
DA:28,0
DA:32,0
DA:38,0
DA:39,0
DA:40,0
DA:48,0
DA:54,0
DA:60,0
DA:64,0
DA:71,0
DA:80,0
DA:81,0
DA:93,0
DA:101,0
DA:106,0
DA:107,0
LF:24
LH:0
BRDA:17,0,0,0
BRDA:18,1,0,0
BRDA:22,2,0,0
BRDA:22,2,1,0
BRDA:27,3,0,0
BRDA:27,3,1,0
BRDA:27,4,0,0
BRDA:27,4,1,0
BRDA:38,5,0,0
BRDA:38,5,1,0
BRDA:39,6,0,0
BRDA:39,6,1,0
BRDA:60,7,0,0
BRDA:60,7,1,0
BRDA:80,8,0,0
BRDA:80,8,1,0
BRDA:88,9,0,0
BRDA:88,9,1,0
BRF:18
BRH:0
end_of_record
TN:
SF:src\utils\rentGenrator.js
FN:17,generateAndUploadRentPDF
FN:18,(anonymous_1)
FN:24,(anonymous_2)
FN:161,generatePDFToBuffer
FN:162,(anonymous_4)
FN:168,(anonymous_5)
FN:369,uploadPDFBufferToCloudinary
FNF:7
FNH:0
FNDA:0,generateAndUploadRentPDF
FNDA:0,(anonymous_1)
FNDA:0,(anonymous_2)
FNDA:0,generatePDFToBuffer
FNDA:0,(anonymous_4)
FNDA:0,(anonymous_5)
FNDA:0,uploadPDFBufferToCloudinary
DA:8,0
DA:9,0
DA:12,0
DA:13,0
DA:14,0
DA:18,0
DA:19,0
DA:20,0
DA:22,0
DA:25,0
DA:26,0
DA:34,0
DA:35,0
DA:36,0
DA:38,0
DA:42,0
DA:46,0
DA:49,0
DA:55,0
DA:58,0
DA:62,0
DA:63,0
DA:64,0
DA:65,0
DA:66,0
DA:69,0
DA:72,0
DA:73,0
DA:74,0
DA:75,0
DA:76,0
DA:77,0
DA:80,0
DA:81,0
DA:83,0
DA:84,0
DA:85,0
DA:86,0
DA:89,0
DA:99,0
DA:107,0
DA:108,0
DA:117,0
DA:124,0
DA:127,0
DA:128,0
DA:131,0
DA:137,0
DA:139,0
DA:146,0
DA:150,0
DA:152,0
DA:162,0
DA:163,0
DA:164,0
DA:165,0
DA:167,0
DA:168,0
DA:169,0
DA:170,0
DA:172,0
DA:175,0
DA:179,0
DA:183,0
DA:186,0
DA:192,0
DA:195,0
DA:199,0
DA:200,0
DA:201,0
DA:202,0
DA:203,0
DA:206,0
DA:209,0
DA:210,0
DA:211,0
DA:212,0
DA:213,0
DA:214,0
DA:217,0
DA:218,0
DA:220,0
DA:221,0
DA:222,0
DA:223,0
DA:226,0
DA:236,0
DA:244,0
DA:245,0
DA:248,0
DA:249,0
DA:256,0
DA:257,0
DA:261,0
DA:262,0
DA:269,0
DA:270,0
DA:274,0
DA:275,0
DA:276,0
DA:283,0
DA:284,0
DA:288,0
DA:293,0
DA:300,0
DA:301,0
DA:308,0
DA:312,0
DA:319,0
DA:322,0
DA:325,0
DA:326,0
DA:328,0
DA:331,0
DA:332,0
DA:335,0
DA:341,0
DA:343,0
DA:350,0
DA:354,0
DA:356,0
DA:371,0
DA:372,0
DA:373,0
DA:377,0
DA:380,0
DA:381,0
DA:382,0
DA:386,0
DA:389,0
DA:391,0
DA:393,0
DA:394,0
DA:397,0
DA:400,0
DA:406,0
DA:411,0
DA:412,0
DA:420,0
DA:423,0
DA:429,0
DA:431,0
DA:438,0
DA:441,0
DA:442,0
DA:443,0
DA:445,0
LF:147
LH:0
BRDA:13,0,0,0
BRDA:13,0,1,0
BRDA:25,1,0,0
BRDA:25,1,1,0
BRDA:248,2,0,0
BRDA:248,2,1,0
BRDA:248,3,0,0
BRDA:248,3,1,0
BRDA:261,4,0,0
BRDA:261,4,1,0
BRDA:261,5,0,0
BRDA:261,5,1,0
BRDA:274,6,0,0
BRDA:274,6,1,0
BRDA:274,7,0,0
BRDA:274,7,1,0
BRDA:275,8,0,0
BRDA:275,8,1,0
BRDA:288,9,0,0
BRDA:288,9,1,0
BRDA:289,10,0,0
BRDA:289,10,1,0
BRDA:289,10,2,0
BRDA:289,10,3,0
BRDA:324,11,0,0
BRDA:324,11,1,0
BRDA:325,12,0,0
BRDA:325,12,1,0
BRDA:371,13,0,0
BRDA:371,13,1,0
BRDA:371,14,0,0
BRDA:371,14,1,0
BRDA:380,15,0,0
BRDA:380,15,1,0
BRDA:411,16,0,0
BRDA:411,16,1,0
BRDA:411,17,0,0
BRDA:411,17,1,0
BRDA:441,18,0,0
BRDA:441,18,1,0
BRDA:441,19,0,0
BRDA:441,19,1,0
BRF:42
BRH:0
end_of_record
TN:
SF:src\utils\token.js
FN:3,generateEmailVerificationToken
FNF:1
FNH:0
FNDA:0,generateEmailVerificationToken
DA:4,0
DA:6,0
LF:2
LH:0
BRF:0
BRH:0
end_of_record
TN:
SF:src\validations\tenantValidation.js
FN:10,(anonymous_0)
FN:15,(anonymous_1)
FN:19,(anonymous_2)
FN:24,(anonymous_3)
FN:28,(anonymous_4)
FN:33,(anonymous_5)
FN:37,(anonymous_6)
FN:42,(anonymous_7)
FN:47,(anonymous_8)
FN:51,(anonymous_9)
FN:57,(anonymous_10)
FN:62,(anonymous_11)
FN:72,(anonymous_12)
FN:77,(anonymous_13)
FN:85,(anonymous_14)
FN:90,(anonymous_15)
FN:101,(anonymous_16)
FN:112,(anonymous_17)
FNF:18
FNH:0
FNDA:0,(anonymous_0)
FNDA:0,(anonymous_1)
FNDA:0,(anonymous_2)
FNDA:0,(anonymous_3)
FNDA:0,(anonymous_4)
FNDA:0,(anonymous_5)
FNDA:0,(anonymous_6)
FNDA:0,(anonymous_7)
FNDA:0,(anonymous_8)
FNDA:0,(anonymous_9)
FNDA:0,(anonymous_10)
FNDA:0,(anonymous_11)
FNDA:0,(anonymous_12)
FNDA:0,(anonymous_13)
FNDA:0,(anonymous_14)
FNDA:0,(anonymous_15)
FNDA:0,(anonymous_16)
FNDA:0,(anonymous_17)
DA:3,1
DA:11,0
DA:12,0
DA:13,0
DA:15,0
DA:20,0
DA:21,0
DA:22,0
DA:24,0
DA:29,0
DA:30,0
DA:31,0
DA:33,0
DA:38,0
DA:39,0
DA:40,0
DA:42,0
DA:47,0
DA:51,0
DA:58,0
DA:59,0
DA:60,0
DA:63,0
DA:73,0
DA:74,0
DA:75,0
DA:78,0
DA:86,0
DA:87,0
DA:88,0
DA:91,0
DA:102,0
DA:104,0
DA:105,0
DA:108,0
DA:109,0
DA:113,0
DA:117,0
LF:38
LH:1
BRDA:11,0,0,0
BRDA:11,0,1,0
BRDA:15,1,0,0
BRDA:15,1,1,0
BRDA:20,2,0,0
BRDA:20,2,1,0
BRDA:24,3,0,0
BRDA:24,3,1,0
BRDA:29,4,0,0
BRDA:29,4,1,0
BRDA:33,5,0,0
BRDA:33,5,1,0
BRDA:38,6,0,0
BRDA:38,6,1,0
BRDA:42,7,0,0
BRDA:42,7,1,0
BRDA:47,8,0,0
BRDA:47,8,1,0
BRDA:47,9,0,0
BRDA:47,9,1,0
BRDA:51,10,0,0
BRDA:51,10,1,0
BRDA:51,11,0,0
BRDA:51,11,1,0
BRDA:58,12,0,0
BRDA:58,12,1,0
BRDA:58,13,0,0
BRDA:58,13,1,0
BRDA:58,13,2,0
BRDA:60,14,0,0
BRDA:60,14,1,0
BRDA:63,15,0,0
BRDA:63,15,1,0
BRDA:63,16,0,0
BRDA:63,16,1,0
BRDA:63,16,2,0
BRDA:73,17,0,0
BRDA:73,17,1,0
BRDA:73,18,0,0
BRDA:73,18,1,0
BRDA:73,18,2,0
BRDA:75,19,0,0
BRDA:75,19,1,0
BRDA:78,20,0,0
BRDA:78,20,1,0
BRDA:78,21,0,0
BRDA:78,21,1,0
BRDA:78,21,2,0
BRDA:86,22,0,0
BRDA:86,22,1,0
BRDA:86,23,0,0
BRDA:86,23,1,0
BRDA:86,23,2,0
BRDA:88,24,0,0
BRDA:88,24,1,0
BRDA:91,25,0,0
BRDA:91,25,1,0
BRDA:91,26,0,0
BRDA:91,26,1,0
BRDA:91,26,2,0
BRDA:102,27,0,0
BRDA:102,27,1,0
BRDA:104,28,0,0
BRDA:104,28,1,0
BRDA:108,29,0,0
BRDA:108,29,1,0
BRDA:110,30,0,0
BRDA:110,30,1,0
BRDA:113,31,0,0
BRDA:113,31,1,0
BRF:70
BRH:0
end_of_record
